Started GET "/" for 127.0.0.1 at 2017-06-02 01:00:17 +0100
Processing by Rails::WelcomeController#index as HTML
  Rendering /Users/zuyvu/.rvm/gems/ruby-2.3.1@global/gems/railties-5.1.1/lib/rails/templates/rails/welcome/index.html.erb
  Rendered /Users/zuyvu/.rvm/gems/ruby-2.3.1@global/gems/railties-5.1.1/lib/rails/templates/rails/welcome/index.html.erb (4.2ms)
Completed 200 OK in 194ms (Views: 9.2ms)


Started GET "/" for 127.0.0.1 at 2017-06-02 01:01:30 +0100
Processing by Rails::WelcomeController#index as HTML
  Rendering /Users/zuyvu/.rvm/gems/ruby-2.3.1@global/gems/railties-5.1.1/lib/rails/templates/rails/welcome/index.html.erb
  Rendered /Users/zuyvu/.rvm/gems/ruby-2.3.1@global/gems/railties-5.1.1/lib/rails/templates/rails/welcome/index.html.erb (3.4ms)
Completed 200 OK in 9ms (Views: 5.6ms)


Started GET "/" for 127.0.0.1 at 2017-06-02 01:07:35 +0100
Processing by Rails::WelcomeController#index as HTML
  Rendering /Users/zuyvu/.rvm/gems/ruby-2.3.1@global/gems/railties-5.1.1/lib/rails/templates/rails/welcome/index.html.erb
  Rendered /Users/zuyvu/.rvm/gems/ruby-2.3.1@global/gems/railties-5.1.1/lib/rails/templates/rails/welcome/index.html.erb (3.3ms)
Completed 200 OK in 8ms (Views: 5.6ms)


Started GET "/" for 127.0.0.1 at 2017-06-02 01:07:45 +0100
Processing by WelcomeController#index as HTML
  Rendering welcome/index.html.erb within layouts/application
  Rendered welcome/index.html.erb within layouts/application (0.3ms)
Completed 200 OK in 714ms (Views: 712.3ms)


Started GET "/" for 127.0.0.1 at 2017-06-02 01:18:23 +0100
Processing by Rails::WelcomeController#index as HTML
  Rendering /Users/zuyvu/.rvm/gems/ruby-2.3.1@global/gems/railties-5.1.1/lib/rails/templates/rails/welcome/index.html.erb
  Rendered /Users/zuyvu/.rvm/gems/ruby-2.3.1@global/gems/railties-5.1.1/lib/rails/templates/rails/welcome/index.html.erb (3.6ms)
Completed 200 OK in 10ms (Views: 6.2ms)


Started GET "/sth" for 127.0.0.1 at 2017-06-02 01:19:43 +0100
  
ActionController::RoutingError (No route matches [GET] "/sth"):
  
actionpack (5.1.1) lib/action_dispatch/middleware/debug_exceptions.rb:63:in `call'
web-console (3.5.1) lib/web_console/middleware.rb:135:in `call_app'
web-console (3.5.1) lib/web_console/middleware.rb:28:in `block in call'
web-console (3.5.1) lib/web_console/middleware.rb:18:in `catch'
web-console (3.5.1) lib/web_console/middleware.rb:18:in `call'
actionpack (5.1.1) lib/action_dispatch/middleware/show_exceptions.rb:31:in `call'
railties (5.1.1) lib/rails/rack/logger.rb:36:in `call_app'
railties (5.1.1) lib/rails/rack/logger.rb:24:in `block in call'
activesupport (5.1.1) lib/active_support/tagged_logging.rb:69:in `block in tagged'
activesupport (5.1.1) lib/active_support/tagged_logging.rb:26:in `tagged'
activesupport (5.1.1) lib/active_support/tagged_logging.rb:69:in `tagged'
railties (5.1.1) lib/rails/rack/logger.rb:24:in `call'
sprockets-rails (3.2.0) lib/sprockets/rails/quiet_assets.rb:13:in `call'
actionpack (5.1.1) lib/action_dispatch/middleware/remote_ip.rb:79:in `call'
actionpack (5.1.1) lib/action_dispatch/middleware/request_id.rb:25:in `call'
rack (2.0.3) lib/rack/method_override.rb:22:in `call'
rack (2.0.3) lib/rack/runtime.rb:22:in `call'
activesupport (5.1.1) lib/active_support/cache/strategy/local_cache_middleware.rb:27:in `call'
actionpack (5.1.1) lib/action_dispatch/middleware/executor.rb:12:in `call'
actionpack (5.1.1) lib/action_dispatch/middleware/static.rb:125:in `call'
rack (2.0.3) lib/rack/sendfile.rb:111:in `call'
railties (5.1.1) lib/rails/engine.rb:522:in `call'
puma (3.9.0) lib/puma/configuration.rb:224:in `call'
puma (3.9.0) lib/puma/server.rb:602:in `handle_request'
puma (3.9.0) lib/puma/server.rb:435:in `process_client'
puma (3.9.0) lib/puma/server.rb:299:in `block in run'
puma (3.9.0) lib/puma/thread_pool.rb:120:in `block in spawn_thread'
Started GET "/trips" for 127.0.0.1 at 2017-06-02 01:19:48 +0100
  
ActionController::RoutingError (uninitialized constant TripsController):
  
activesupport (5.1.1) lib/active_support/inflector/methods.rb:269:in `const_get'
activesupport (5.1.1) lib/active_support/inflector/methods.rb:269:in `block in constantize'
activesupport (5.1.1) lib/active_support/inflector/methods.rb:267:in `each'
activesupport (5.1.1) lib/active_support/inflector/methods.rb:267:in `inject'
activesupport (5.1.1) lib/active_support/inflector/methods.rb:267:in `constantize'
actionpack (5.1.1) lib/action_dispatch/http/request.rb:82:in `controller_class'
actionpack (5.1.1) lib/action_dispatch/routing/route_set.rb:43:in `controller'
actionpack (5.1.1) lib/action_dispatch/routing/route_set.rb:29:in `serve'
actionpack (5.1.1) lib/action_dispatch/journey/router.rb:46:in `block in serve'
actionpack (5.1.1) lib/action_dispatch/journey/router.rb:33:in `each'
actionpack (5.1.1) lib/action_dispatch/journey/router.rb:33:in `serve'
actionpack (5.1.1) lib/action_dispatch/routing/route_set.rb:832:in `call'
rack (2.0.3) lib/rack/etag.rb:25:in `call'
rack (2.0.3) lib/rack/conditional_get.rb:25:in `call'
rack (2.0.3) lib/rack/head.rb:12:in `call'
rack (2.0.3) lib/rack/session/abstract/id.rb:232:in `context'
rack (2.0.3) lib/rack/session/abstract/id.rb:226:in `call'
actionpack (5.1.1) lib/action_dispatch/middleware/cookies.rb:613:in `call'
activerecord (5.1.1) lib/active_record/migration.rb:556:in `call'
actionpack (5.1.1) lib/action_dispatch/middleware/callbacks.rb:26:in `block in call'
activesupport (5.1.1) lib/active_support/callbacks.rb:97:in `run_callbacks'
actionpack (5.1.1) lib/action_dispatch/middleware/callbacks.rb:24:in `call'
actionpack (5.1.1) lib/action_dispatch/middleware/executor.rb:12:in `call'
actionpack (5.1.1) lib/action_dispatch/middleware/debug_exceptions.rb:59:in `call'
web-console (3.5.1) lib/web_console/middleware.rb:135:in `call_app'
web-console (3.5.1) lib/web_console/middleware.rb:28:in `block in call'
web-console (3.5.1) lib/web_console/middleware.rb:18:in `catch'
web-console (3.5.1) lib/web_console/middleware.rb:18:in `call'
actionpack (5.1.1) lib/action_dispatch/middleware/show_exceptions.rb:31:in `call'
railties (5.1.1) lib/rails/rack/logger.rb:36:in `call_app'
railties (5.1.1) lib/rails/rack/logger.rb:24:in `block in call'
activesupport (5.1.1) lib/active_support/tagged_logging.rb:69:in `block in tagged'
activesupport (5.1.1) lib/active_support/tagged_logging.rb:26:in `tagged'
activesupport (5.1.1) lib/active_support/tagged_logging.rb:69:in `tagged'
railties (5.1.1) lib/rails/rack/logger.rb:24:in `call'
sprockets-rails (3.2.0) lib/sprockets/rails/quiet_assets.rb:13:in `call'
actionpack (5.1.1) lib/action_dispatch/middleware/remote_ip.rb:79:in `call'
actionpack (5.1.1) lib/action_dispatch/middleware/request_id.rb:25:in `call'
rack (2.0.3) lib/rack/method_override.rb:22:in `call'
rack (2.0.3) lib/rack/runtime.rb:22:in `call'
activesupport (5.1.1) lib/active_support/cache/strategy/local_cache_middleware.rb:27:in `call'
actionpack (5.1.1) lib/action_dispatch/middleware/executor.rb:12:in `call'
actionpack (5.1.1) lib/action_dispatch/middleware/static.rb:125:in `call'
rack (2.0.3) lib/rack/sendfile.rb:111:in `call'
railties (5.1.1) lib/rails/engine.rb:522:in `call'
puma (3.9.0) lib/puma/configuration.rb:224:in `call'
puma (3.9.0) lib/puma/server.rb:602:in `handle_request'
puma (3.9.0) lib/puma/server.rb:435:in `process_client'
puma (3.9.0) lib/puma/server.rb:299:in `block in run'
puma (3.9.0) lib/puma/thread_pool.rb:120:in `block in spawn_thread'
Started GET "/tr" for 127.0.0.1 at 2017-06-02 01:19:52 +0100
  
ActionController::RoutingError (No route matches [GET] "/tr"):
  
actionpack (5.1.1) lib/action_dispatch/middleware/debug_exceptions.rb:63:in `call'
web-console (3.5.1) lib/web_console/middleware.rb:135:in `call_app'
web-console (3.5.1) lib/web_console/middleware.rb:28:in `block in call'
web-console (3.5.1) lib/web_console/middleware.rb:18:in `catch'
web-console (3.5.1) lib/web_console/middleware.rb:18:in `call'
actionpack (5.1.1) lib/action_dispatch/middleware/show_exceptions.rb:31:in `call'
railties (5.1.1) lib/rails/rack/logger.rb:36:in `call_app'
railties (5.1.1) lib/rails/rack/logger.rb:24:in `block in call'
activesupport (5.1.1) lib/active_support/tagged_logging.rb:69:in `block in tagged'
activesupport (5.1.1) lib/active_support/tagged_logging.rb:26:in `tagged'
activesupport (5.1.1) lib/active_support/tagged_logging.rb:69:in `tagged'
railties (5.1.1) lib/rails/rack/logger.rb:24:in `call'
sprockets-rails (3.2.0) lib/sprockets/rails/quiet_assets.rb:13:in `call'
actionpack (5.1.1) lib/action_dispatch/middleware/remote_ip.rb:79:in `call'
actionpack (5.1.1) lib/action_dispatch/middleware/request_id.rb:25:in `call'
rack (2.0.3) lib/rack/method_override.rb:22:in `call'
rack (2.0.3) lib/rack/runtime.rb:22:in `call'
activesupport (5.1.1) lib/active_support/cache/strategy/local_cache_middleware.rb:27:in `call'
actionpack (5.1.1) lib/action_dispatch/middleware/executor.rb:12:in `call'
actionpack (5.1.1) lib/action_dispatch/middleware/static.rb:125:in `call'
rack (2.0.3) lib/rack/sendfile.rb:111:in `call'
railties (5.1.1) lib/rails/engine.rb:522:in `call'
puma (3.9.0) lib/puma/configuration.rb:224:in `call'
puma (3.9.0) lib/puma/server.rb:602:in `handle_request'
puma (3.9.0) lib/puma/server.rb:435:in `process_client'
puma (3.9.0) lib/puma/server.rb:299:in `block in run'
puma (3.9.0) lib/puma/thread_pool.rb:120:in `block in spawn_thread'
Started GET "/trips" for 127.0.0.1 at 2017-06-02 01:19:55 +0100
  
ActionController::RoutingError (uninitialized constant TripsController):
  
activesupport (5.1.1) lib/active_support/inflector/methods.rb:269:in `const_get'
activesupport (5.1.1) lib/active_support/inflector/methods.rb:269:in `block in constantize'
activesupport (5.1.1) lib/active_support/inflector/methods.rb:267:in `each'
activesupport (5.1.1) lib/active_support/inflector/methods.rb:267:in `inject'
activesupport (5.1.1) lib/active_support/inflector/methods.rb:267:in `constantize'
actionpack (5.1.1) lib/action_dispatch/http/request.rb:82:in `controller_class'
actionpack (5.1.1) lib/action_dispatch/routing/route_set.rb:43:in `controller'
actionpack (5.1.1) lib/action_dispatch/routing/route_set.rb:29:in `serve'
actionpack (5.1.1) lib/action_dispatch/journey/router.rb:46:in `block in serve'
actionpack (5.1.1) lib/action_dispatch/journey/router.rb:33:in `each'
actionpack (5.1.1) lib/action_dispatch/journey/router.rb:33:in `serve'
actionpack (5.1.1) lib/action_dispatch/routing/route_set.rb:832:in `call'
rack (2.0.3) lib/rack/etag.rb:25:in `call'
rack (2.0.3) lib/rack/conditional_get.rb:25:in `call'
rack (2.0.3) lib/rack/head.rb:12:in `call'
rack (2.0.3) lib/rack/session/abstract/id.rb:232:in `context'
rack (2.0.3) lib/rack/session/abstract/id.rb:226:in `call'
actionpack (5.1.1) lib/action_dispatch/middleware/cookies.rb:613:in `call'
activerecord (5.1.1) lib/active_record/migration.rb:556:in `call'
actionpack (5.1.1) lib/action_dispatch/middleware/callbacks.rb:26:in `block in call'
activesupport (5.1.1) lib/active_support/callbacks.rb:97:in `run_callbacks'
actionpack (5.1.1) lib/action_dispatch/middleware/callbacks.rb:24:in `call'
actionpack (5.1.1) lib/action_dispatch/middleware/executor.rb:12:in `call'
actionpack (5.1.1) lib/action_dispatch/middleware/debug_exceptions.rb:59:in `call'
web-console (3.5.1) lib/web_console/middleware.rb:135:in `call_app'
web-console (3.5.1) lib/web_console/middleware.rb:28:in `block in call'
web-console (3.5.1) lib/web_console/middleware.rb:18:in `catch'
web-console (3.5.1) lib/web_console/middleware.rb:18:in `call'
actionpack (5.1.1) lib/action_dispatch/middleware/show_exceptions.rb:31:in `call'
railties (5.1.1) lib/rails/rack/logger.rb:36:in `call_app'
railties (5.1.1) lib/rails/rack/logger.rb:24:in `block in call'
activesupport (5.1.1) lib/active_support/tagged_logging.rb:69:in `block in tagged'
activesupport (5.1.1) lib/active_support/tagged_logging.rb:26:in `tagged'
activesupport (5.1.1) lib/active_support/tagged_logging.rb:69:in `tagged'
railties (5.1.1) lib/rails/rack/logger.rb:24:in `call'
sprockets-rails (3.2.0) lib/sprockets/rails/quiet_assets.rb:13:in `call'
actionpack (5.1.1) lib/action_dispatch/middleware/remote_ip.rb:79:in `call'
actionpack (5.1.1) lib/action_dispatch/middleware/request_id.rb:25:in `call'
rack (2.0.3) lib/rack/method_override.rb:22:in `call'
rack (2.0.3) lib/rack/runtime.rb:22:in `call'
activesupport (5.1.1) lib/active_support/cache/strategy/local_cache_middleware.rb:27:in `call'
actionpack (5.1.1) lib/action_dispatch/middleware/executor.rb:12:in `call'
actionpack (5.1.1) lib/action_dispatch/middleware/static.rb:125:in `call'
rack (2.0.3) lib/rack/sendfile.rb:111:in `call'
railties (5.1.1) lib/rails/engine.rb:522:in `call'
puma (3.9.0) lib/puma/configuration.rb:224:in `call'
puma (3.9.0) lib/puma/server.rb:602:in `handle_request'
puma (3.9.0) lib/puma/server.rb:435:in `process_client'
puma (3.9.0) lib/puma/server.rb:299:in `block in run'
puma (3.9.0) lib/puma/thread_pool.rb:120:in `block in spawn_thread'
Started GET "/" for 127.0.0.1 at 2017-06-02 01:25:49 +0100
Processing by WelcomeController#index as HTML
  Rendering welcome/index.html.erb within layouts/application
  Rendered welcome/index.html.erb within layouts/application (0.3ms)
Completed 200 OK in 66ms (Views: 64.5ms)


Started GET "/trips/create" for 127.0.0.1 at 2017-06-02 01:25:55 +0100
  
AbstractController::ActionNotFound (The action 'show' could not be found for TripsController):
  
actionpack (5.1.1) lib/abstract_controller/base.rb:119:in `process'
actionview (5.1.1) lib/action_view/rendering.rb:30:in `process'
actionpack (5.1.1) lib/action_controller/metal.rb:189:in `dispatch'
actionpack (5.1.1) lib/action_controller/metal.rb:253:in `dispatch'
actionpack (5.1.1) lib/action_dispatch/routing/route_set.rb:49:in `dispatch'
actionpack (5.1.1) lib/action_dispatch/routing/route_set.rb:31:in `serve'
actionpack (5.1.1) lib/action_dispatch/journey/router.rb:46:in `block in serve'
actionpack (5.1.1) lib/action_dispatch/journey/router.rb:33:in `each'
actionpack (5.1.1) lib/action_dispatch/journey/router.rb:33:in `serve'
actionpack (5.1.1) lib/action_dispatch/routing/route_set.rb:832:in `call'
rack (2.0.3) lib/rack/etag.rb:25:in `call'
rack (2.0.3) lib/rack/conditional_get.rb:25:in `call'
rack (2.0.3) lib/rack/head.rb:12:in `call'
rack (2.0.3) lib/rack/session/abstract/id.rb:232:in `context'
rack (2.0.3) lib/rack/session/abstract/id.rb:226:in `call'
actionpack (5.1.1) lib/action_dispatch/middleware/cookies.rb:613:in `call'
activerecord (5.1.1) lib/active_record/migration.rb:556:in `call'
actionpack (5.1.1) lib/action_dispatch/middleware/callbacks.rb:26:in `block in call'
activesupport (5.1.1) lib/active_support/callbacks.rb:97:in `run_callbacks'
actionpack (5.1.1) lib/action_dispatch/middleware/callbacks.rb:24:in `call'
actionpack (5.1.1) lib/action_dispatch/middleware/executor.rb:12:in `call'
actionpack (5.1.1) lib/action_dispatch/middleware/debug_exceptions.rb:59:in `call'
web-console (3.5.1) lib/web_console/middleware.rb:135:in `call_app'
web-console (3.5.1) lib/web_console/middleware.rb:28:in `block in call'
web-console (3.5.1) lib/web_console/middleware.rb:18:in `catch'
web-console (3.5.1) lib/web_console/middleware.rb:18:in `call'
actionpack (5.1.1) lib/action_dispatch/middleware/show_exceptions.rb:31:in `call'
railties (5.1.1) lib/rails/rack/logger.rb:36:in `call_app'
railties (5.1.1) lib/rails/rack/logger.rb:24:in `block in call'
activesupport (5.1.1) lib/active_support/tagged_logging.rb:69:in `block in tagged'
activesupport (5.1.1) lib/active_support/tagged_logging.rb:26:in `tagged'
activesupport (5.1.1) lib/active_support/tagged_logging.rb:69:in `tagged'
railties (5.1.1) lib/rails/rack/logger.rb:24:in `call'
sprockets-rails (3.2.0) lib/sprockets/rails/quiet_assets.rb:13:in `call'
actionpack (5.1.1) lib/action_dispatch/middleware/remote_ip.rb:79:in `call'
actionpack (5.1.1) lib/action_dispatch/middleware/request_id.rb:25:in `call'
rack (2.0.3) lib/rack/method_override.rb:22:in `call'
rack (2.0.3) lib/rack/runtime.rb:22:in `call'
activesupport (5.1.1) lib/active_support/cache/strategy/local_cache_middleware.rb:27:in `call'
actionpack (5.1.1) lib/action_dispatch/middleware/executor.rb:12:in `call'
actionpack (5.1.1) lib/action_dispatch/middleware/static.rb:125:in `call'
rack (2.0.3) lib/rack/sendfile.rb:111:in `call'
railties (5.1.1) lib/rails/engine.rb:522:in `call'
puma (3.9.0) lib/puma/configuration.rb:224:in `call'
puma (3.9.0) lib/puma/server.rb:602:in `handle_request'
puma (3.9.0) lib/puma/server.rb:435:in `process_client'
puma (3.9.0) lib/puma/server.rb:299:in `block in run'
puma (3.9.0) lib/puma/thread_pool.rb:120:in `block in spawn_thread'
Started GET "/trips/mew" for 127.0.0.1 at 2017-06-02 01:26:00 +0100
  
AbstractController::ActionNotFound (The action 'show' could not be found for TripsController):
  
actionpack (5.1.1) lib/abstract_controller/base.rb:119:in `process'
actionview (5.1.1) lib/action_view/rendering.rb:30:in `process'
actionpack (5.1.1) lib/action_controller/metal.rb:189:in `dispatch'
actionpack (5.1.1) lib/action_controller/metal.rb:253:in `dispatch'
actionpack (5.1.1) lib/action_dispatch/routing/route_set.rb:49:in `dispatch'
actionpack (5.1.1) lib/action_dispatch/routing/route_set.rb:31:in `serve'
actionpack (5.1.1) lib/action_dispatch/journey/router.rb:46:in `block in serve'
actionpack (5.1.1) lib/action_dispatch/journey/router.rb:33:in `each'
actionpack (5.1.1) lib/action_dispatch/journey/router.rb:33:in `serve'
actionpack (5.1.1) lib/action_dispatch/routing/route_set.rb:832:in `call'
rack (2.0.3) lib/rack/etag.rb:25:in `call'
rack (2.0.3) lib/rack/conditional_get.rb:25:in `call'
rack (2.0.3) lib/rack/head.rb:12:in `call'
rack (2.0.3) lib/rack/session/abstract/id.rb:232:in `context'
rack (2.0.3) lib/rack/session/abstract/id.rb:226:in `call'
actionpack (5.1.1) lib/action_dispatch/middleware/cookies.rb:613:in `call'
activerecord (5.1.1) lib/active_record/migration.rb:556:in `call'
actionpack (5.1.1) lib/action_dispatch/middleware/callbacks.rb:26:in `block in call'
activesupport (5.1.1) lib/active_support/callbacks.rb:97:in `run_callbacks'
actionpack (5.1.1) lib/action_dispatch/middleware/callbacks.rb:24:in `call'
actionpack (5.1.1) lib/action_dispatch/middleware/executor.rb:12:in `call'
actionpack (5.1.1) lib/action_dispatch/middleware/debug_exceptions.rb:59:in `call'
web-console (3.5.1) lib/web_console/middleware.rb:135:in `call_app'
web-console (3.5.1) lib/web_console/middleware.rb:28:in `block in call'
web-console (3.5.1) lib/web_console/middleware.rb:18:in `catch'
web-console (3.5.1) lib/web_console/middleware.rb:18:in `call'
actionpack (5.1.1) lib/action_dispatch/middleware/show_exceptions.rb:31:in `call'
railties (5.1.1) lib/rails/rack/logger.rb:36:in `call_app'
railties (5.1.1) lib/rails/rack/logger.rb:24:in `block in call'
activesupport (5.1.1) lib/active_support/tagged_logging.rb:69:in `block in tagged'
activesupport (5.1.1) lib/active_support/tagged_logging.rb:26:in `tagged'
activesupport (5.1.1) lib/active_support/tagged_logging.rb:69:in `tagged'
railties (5.1.1) lib/rails/rack/logger.rb:24:in `call'
sprockets-rails (3.2.0) lib/sprockets/rails/quiet_assets.rb:13:in `call'
actionpack (5.1.1) lib/action_dispatch/middleware/remote_ip.rb:79:in `call'
actionpack (5.1.1) lib/action_dispatch/middleware/request_id.rb:25:in `call'
rack (2.0.3) lib/rack/method_override.rb:22:in `call'
rack (2.0.3) lib/rack/runtime.rb:22:in `call'
activesupport (5.1.1) lib/active_support/cache/strategy/local_cache_middleware.rb:27:in `call'
actionpack (5.1.1) lib/action_dispatch/middleware/executor.rb:12:in `call'
actionpack (5.1.1) lib/action_dispatch/middleware/static.rb:125:in `call'
rack (2.0.3) lib/rack/sendfile.rb:111:in `call'
railties (5.1.1) lib/rails/engine.rb:522:in `call'
puma (3.9.0) lib/puma/configuration.rb:224:in `call'
puma (3.9.0) lib/puma/server.rb:602:in `handle_request'
puma (3.9.0) lib/puma/server.rb:435:in `process_client'
puma (3.9.0) lib/puma/server.rb:299:in `block in run'
puma (3.9.0) lib/puma/thread_pool.rb:120:in `block in spawn_thread'
Started GET "/trips/new" for 127.0.0.1 at 2017-06-02 01:26:02 +0100
Processing by TripsController#new as HTML
  Rendering trips/new.html.erb within layouts/application
  Rendered trips/new.html.erb within layouts/application (9.4ms)
Completed 200 OK in 30ms (Views: 28.6ms)


Started POST "/trips/new" for 127.0.0.1 at 2017-06-02 01:26:07 +0100
  
ActionController::RoutingError (No route matches [POST] "/trips/new"):
  
actionpack (5.1.1) lib/action_dispatch/middleware/debug_exceptions.rb:63:in `call'
web-console (3.5.1) lib/web_console/middleware.rb:135:in `call_app'
web-console (3.5.1) lib/web_console/middleware.rb:28:in `block in call'
web-console (3.5.1) lib/web_console/middleware.rb:18:in `catch'
web-console (3.5.1) lib/web_console/middleware.rb:18:in `call'
actionpack (5.1.1) lib/action_dispatch/middleware/show_exceptions.rb:31:in `call'
railties (5.1.1) lib/rails/rack/logger.rb:36:in `call_app'
railties (5.1.1) lib/rails/rack/logger.rb:24:in `block in call'
activesupport (5.1.1) lib/active_support/tagged_logging.rb:69:in `block in tagged'
activesupport (5.1.1) lib/active_support/tagged_logging.rb:26:in `tagged'
activesupport (5.1.1) lib/active_support/tagged_logging.rb:69:in `tagged'
railties (5.1.1) lib/rails/rack/logger.rb:24:in `call'
sprockets-rails (3.2.0) lib/sprockets/rails/quiet_assets.rb:13:in `call'
actionpack (5.1.1) lib/action_dispatch/middleware/remote_ip.rb:79:in `call'
actionpack (5.1.1) lib/action_dispatch/middleware/request_id.rb:25:in `call'
rack (2.0.3) lib/rack/method_override.rb:22:in `call'
rack (2.0.3) lib/rack/runtime.rb:22:in `call'
activesupport (5.1.1) lib/active_support/cache/strategy/local_cache_middleware.rb:27:in `call'
actionpack (5.1.1) lib/action_dispatch/middleware/executor.rb:12:in `call'
actionpack (5.1.1) lib/action_dispatch/middleware/static.rb:125:in `call'
rack (2.0.3) lib/rack/sendfile.rb:111:in `call'
railties (5.1.1) lib/rails/engine.rb:522:in `call'
puma (3.9.0) lib/puma/configuration.rb:224:in `call'
puma (3.9.0) lib/puma/server.rb:602:in `handle_request'
puma (3.9.0) lib/puma/server.rb:435:in `process_client'
puma (3.9.0) lib/puma/server.rb:299:in `block in run'
puma (3.9.0) lib/puma/thread_pool.rb:120:in `block in spawn_thread'
Started GET "/trips/new" for 127.0.0.1 at 2017-06-02 01:26:40 +0100
Processing by TripsController#new as HTML
  Rendering trips/new.html.erb within layouts/application
  Rendered trips/new.html.erb within layouts/application (2.3ms)
Completed 200 OK in 24ms (Views: 22.3ms)


Started GET "/trips/new" for 127.0.0.1 at 2017-06-02 01:26:49 +0100
Processing by TripsController#new as HTML
  Rendering trips/new.html.erb within layouts/application
  Rendered trips/new.html.erb within layouts/application (0.8ms)
Completed 500 Internal Server Error in 5ms


  
SyntaxError (/Users/zuyvu/Tripanion/app/views/trips/new.html.erb:14: syntax error, unexpected tIDENTIFIER, expecting ')'
...fer.append=( f.label :travel by );@output_buffer.safe_append...
...                               ^):
  
app/views/trips/new.html.erb:14: syntax error, unexpected tIDENTIFIER, expecting ')'
Started GET "/trips/mew" for 127.0.0.1 at 2017-06-02 01:27:16 +0100
  
AbstractController::ActionNotFound (The action 'show' could not be found for TripsController):
  
actionpack (5.1.1) lib/abstract_controller/base.rb:119:in `process'
actionview (5.1.1) lib/action_view/rendering.rb:30:in `process'
actionpack (5.1.1) lib/action_controller/metal.rb:189:in `dispatch'
actionpack (5.1.1) lib/action_controller/metal.rb:253:in `dispatch'
actionpack (5.1.1) lib/action_dispatch/routing/route_set.rb:49:in `dispatch'
actionpack (5.1.1) lib/action_dispatch/routing/route_set.rb:31:in `serve'
actionpack (5.1.1) lib/action_dispatch/journey/router.rb:46:in `block in serve'
actionpack (5.1.1) lib/action_dispatch/journey/router.rb:33:in `each'
actionpack (5.1.1) lib/action_dispatch/journey/router.rb:33:in `serve'
actionpack (5.1.1) lib/action_dispatch/routing/route_set.rb:832:in `call'
rack (2.0.3) lib/rack/etag.rb:25:in `call'
rack (2.0.3) lib/rack/conditional_get.rb:25:in `call'
rack (2.0.3) lib/rack/head.rb:12:in `call'
rack (2.0.3) lib/rack/session/abstract/id.rb:232:in `context'
rack (2.0.3) lib/rack/session/abstract/id.rb:226:in `call'
actionpack (5.1.1) lib/action_dispatch/middleware/cookies.rb:613:in `call'
activerecord (5.1.1) lib/active_record/migration.rb:556:in `call'
actionpack (5.1.1) lib/action_dispatch/middleware/callbacks.rb:26:in `block in call'
activesupport (5.1.1) lib/active_support/callbacks.rb:97:in `run_callbacks'
actionpack (5.1.1) lib/action_dispatch/middleware/callbacks.rb:24:in `call'
actionpack (5.1.1) lib/action_dispatch/middleware/executor.rb:12:in `call'
actionpack (5.1.1) lib/action_dispatch/middleware/debug_exceptions.rb:59:in `call'
web-console (3.5.1) lib/web_console/middleware.rb:135:in `call_app'
web-console (3.5.1) lib/web_console/middleware.rb:28:in `block in call'
web-console (3.5.1) lib/web_console/middleware.rb:18:in `catch'
web-console (3.5.1) lib/web_console/middleware.rb:18:in `call'
actionpack (5.1.1) lib/action_dispatch/middleware/show_exceptions.rb:31:in `call'
railties (5.1.1) lib/rails/rack/logger.rb:36:in `call_app'
railties (5.1.1) lib/rails/rack/logger.rb:24:in `block in call'
activesupport (5.1.1) lib/active_support/tagged_logging.rb:69:in `block in tagged'
activesupport (5.1.1) lib/active_support/tagged_logging.rb:26:in `tagged'
activesupport (5.1.1) lib/active_support/tagged_logging.rb:69:in `tagged'
railties (5.1.1) lib/rails/rack/logger.rb:24:in `call'
sprockets-rails (3.2.0) lib/sprockets/rails/quiet_assets.rb:13:in `call'
actionpack (5.1.1) lib/action_dispatch/middleware/remote_ip.rb:79:in `call'
actionpack (5.1.1) lib/action_dispatch/middleware/request_id.rb:25:in `call'
rack (2.0.3) lib/rack/method_override.rb:22:in `call'
rack (2.0.3) lib/rack/runtime.rb:22:in `call'
activesupport (5.1.1) lib/active_support/cache/strategy/local_cache_middleware.rb:27:in `call'
actionpack (5.1.1) lib/action_dispatch/middleware/executor.rb:12:in `call'
actionpack (5.1.1) lib/action_dispatch/middleware/static.rb:125:in `call'
rack (2.0.3) lib/rack/sendfile.rb:111:in `call'
railties (5.1.1) lib/rails/engine.rb:522:in `call'
puma (3.9.0) lib/puma/configuration.rb:224:in `call'
puma (3.9.0) lib/puma/server.rb:602:in `handle_request'
puma (3.9.0) lib/puma/server.rb:435:in `process_client'
puma (3.9.0) lib/puma/server.rb:299:in `block in run'
puma (3.9.0) lib/puma/thread_pool.rb:120:in `block in spawn_thread'
Started GET "/trips/new" for 127.0.0.1 at 2017-06-02 01:27:19 +0100
Processing by TripsController#new as HTML
  Rendering trips/new.html.erb within layouts/application
  Rendered trips/new.html.erb within layouts/application (0.7ms)
Completed 500 Internal Server Error in 5ms


  
SyntaxError (/Users/zuyvu/Tripanion/app/views/trips/new.html.erb:14: syntax error, unexpected tIDENTIFIER, expecting ')'
...fer.append=( f.label :travel by );@output_buffer.safe_append...
...                               ^
/Users/zuyvu/Tripanion/app/views/trips/new.html.erb:15: syntax error, unexpected tIDENTIFIER, expecting ')'
...append=( f.text_area :travel by );@output_buffer.safe_append...
...                               ^):
  
app/views/trips/new.html.erb:14: syntax error, unexpected tIDENTIFIER, expecting ')'
app/views/trips/new.html.erb:15: syntax error, unexpected tIDENTIFIER, expecting ')'
Started GET "/trips/new" for 127.0.0.1 at 2017-06-02 01:27:27 +0100
Processing by TripsController#new as HTML
  Rendering trips/new.html.erb within layouts/application
  Rendered trips/new.html.erb within layouts/application (1.6ms)
Completed 200 OK in 21ms (Views: 20.0ms)


  [1m[35m (0.4ms)[0m  [1m[34mSELECT sqlite_version(*)[0m
  [1m[35m (1.1ms)[0m  [1m[35mCREATE TABLE "schema_migrations" ("version" varchar NOT NULL PRIMARY KEY)[0m
  [1m[35m (1.0ms)[0m  [1m[35mCREATE TABLE "ar_internal_metadata" ("key" varchar NOT NULL PRIMARY KEY, "value" varchar, "created_at" datetime NOT NULL, "updated_at" datetime NOT NULL)[0m
  [1m[35m (0.2ms)[0m  [1m[34mSELECT "schema_migrations"."version" FROM "schema_migrations" ORDER BY "schema_migrations"."version" ASC[0m
Migrating to CreateTrips (20170602003358)
  [1m[35m (0.1ms)[0m  [1m[36mbegin transaction[0m
  [1m[35m (0.4ms)[0m  [1m[35mCREATE TABLE "trips" ("id" INTEGER PRIMARY KEY AUTOINCREMENT NOT NULL, "location" varchar, "time" varchar, "travel" varchar, "description" text, "created_at" datetime NOT NULL, "updated_at" datetime NOT NULL)[0m
  [1m[35mSQL (0.2ms)[0m  [1m[32mINSERT INTO "schema_migrations" ("version") VALUES (?)[0m  [["version", "20170602003358"]]
  [1m[35m (0.6ms)[0m  [1m[36mcommit transaction[0m
  [1m[36mActiveRecord::InternalMetadata Load (0.2ms)[0m  [1m[34mSELECT  "ar_internal_metadata".* FROM "ar_internal_metadata" WHERE "ar_internal_metadata"."key" = ? LIMIT ?[0m  [["key", "environment"], ["LIMIT", 1]]
  [1m[35m (0.1ms)[0m  [1m[36mbegin transaction[0m
  [1m[35mSQL (1.0ms)[0m  [1m[32mINSERT INTO "ar_internal_metadata" ("key", "value", "created_at", "updated_at") VALUES (?, ?, ?, ?)[0m  [["key", "environment"], ["value", "development"], ["created_at", "2017-06-02 00:34:32.543795"], ["updated_at", "2017-06-02 00:34:32.543795"]]
  [1m[35m (0.7ms)[0m  [1m[36mcommit transaction[0m
  [1m[35m (0.1ms)[0m  [1m[34mSELECT "schema_migrations"."version" FROM "schema_migrations" ORDER BY "schema_migrations"."version" ASC[0m
Started POST "/trips/new" for 127.0.0.1 at 2017-06-02 01:35:21 +0100
  [1m[35m (0.4ms)[0m  [1m[34mSELECT "schema_migrations"."version" FROM "schema_migrations" ORDER BY "schema_migrations"."version" ASC[0m
  
ActionController::RoutingError (No route matches [POST] "/trips/new"):
  
actionpack (5.1.1) lib/action_dispatch/middleware/debug_exceptions.rb:63:in `call'
web-console (3.5.1) lib/web_console/middleware.rb:135:in `call_app'
web-console (3.5.1) lib/web_console/middleware.rb:28:in `block in call'
web-console (3.5.1) lib/web_console/middleware.rb:18:in `catch'
web-console (3.5.1) lib/web_console/middleware.rb:18:in `call'
actionpack (5.1.1) lib/action_dispatch/middleware/show_exceptions.rb:31:in `call'
railties (5.1.1) lib/rails/rack/logger.rb:36:in `call_app'
railties (5.1.1) lib/rails/rack/logger.rb:24:in `block in call'
activesupport (5.1.1) lib/active_support/tagged_logging.rb:69:in `block in tagged'
activesupport (5.1.1) lib/active_support/tagged_logging.rb:26:in `tagged'
activesupport (5.1.1) lib/active_support/tagged_logging.rb:69:in `tagged'
railties (5.1.1) lib/rails/rack/logger.rb:24:in `call'
sprockets-rails (3.2.0) lib/sprockets/rails/quiet_assets.rb:13:in `call'
actionpack (5.1.1) lib/action_dispatch/middleware/remote_ip.rb:79:in `call'
actionpack (5.1.1) lib/action_dispatch/middleware/request_id.rb:25:in `call'
rack (2.0.3) lib/rack/method_override.rb:22:in `call'
rack (2.0.3) lib/rack/runtime.rb:22:in `call'
activesupport (5.1.1) lib/active_support/cache/strategy/local_cache_middleware.rb:27:in `call'
actionpack (5.1.1) lib/action_dispatch/middleware/executor.rb:12:in `call'
actionpack (5.1.1) lib/action_dispatch/middleware/static.rb:125:in `call'
rack (2.0.3) lib/rack/sendfile.rb:111:in `call'
railties (5.1.1) lib/rails/engine.rb:522:in `call'
puma (3.9.0) lib/puma/configuration.rb:224:in `call'
puma (3.9.0) lib/puma/server.rb:602:in `handle_request'
puma (3.9.0) lib/puma/server.rb:435:in `process_client'
puma (3.9.0) lib/puma/server.rb:299:in `block in run'
puma (3.9.0) lib/puma/thread_pool.rb:120:in `block in spawn_thread'
Started POST "/trips/new" for 127.0.0.1 at 2017-06-02 01:35:35 +0100
  
ActionController::RoutingError (No route matches [POST] "/trips/new"):
  
actionpack (5.1.1) lib/action_dispatch/middleware/debug_exceptions.rb:63:in `call'
web-console (3.5.1) lib/web_console/middleware.rb:135:in `call_app'
web-console (3.5.1) lib/web_console/middleware.rb:28:in `block in call'
web-console (3.5.1) lib/web_console/middleware.rb:18:in `catch'
web-console (3.5.1) lib/web_console/middleware.rb:18:in `call'
actionpack (5.1.1) lib/action_dispatch/middleware/show_exceptions.rb:31:in `call'
railties (5.1.1) lib/rails/rack/logger.rb:36:in `call_app'
railties (5.1.1) lib/rails/rack/logger.rb:24:in `block in call'
activesupport (5.1.1) lib/active_support/tagged_logging.rb:69:in `block in tagged'
activesupport (5.1.1) lib/active_support/tagged_logging.rb:26:in `tagged'
activesupport (5.1.1) lib/active_support/tagged_logging.rb:69:in `tagged'
railties (5.1.1) lib/rails/rack/logger.rb:24:in `call'
sprockets-rails (3.2.0) lib/sprockets/rails/quiet_assets.rb:13:in `call'
actionpack (5.1.1) lib/action_dispatch/middleware/remote_ip.rb:79:in `call'
actionpack (5.1.1) lib/action_dispatch/middleware/request_id.rb:25:in `call'
rack (2.0.3) lib/rack/method_override.rb:22:in `call'
rack (2.0.3) lib/rack/runtime.rb:22:in `call'
activesupport (5.1.1) lib/active_support/cache/strategy/local_cache_middleware.rb:27:in `call'
actionpack (5.1.1) lib/action_dispatch/middleware/executor.rb:12:in `call'
actionpack (5.1.1) lib/action_dispatch/middleware/static.rb:125:in `call'
rack (2.0.3) lib/rack/sendfile.rb:111:in `call'
railties (5.1.1) lib/rails/engine.rb:522:in `call'
puma (3.9.0) lib/puma/configuration.rb:224:in `call'
puma (3.9.0) lib/puma/server.rb:602:in `handle_request'
puma (3.9.0) lib/puma/server.rb:435:in `process_client'
puma (3.9.0) lib/puma/server.rb:299:in `block in run'
puma (3.9.0) lib/puma/thread_pool.rb:120:in `block in spawn_thread'
Started GET "/trips/new" for 127.0.0.1 at 2017-06-02 01:35:39 +0100
Processing by TripsController#new as HTML
  Rendering trips/new.html.erb within layouts/application
  Rendered trips/new.html.erb within layouts/application (2.2ms)
Completed 200 OK in 23ms (Views: 21.8ms)


Started POST "/trips" for 127.0.0.1 at 2017-06-02 01:35:52 +0100
Processing by TripsController#create as HTML
  Parameters: {"utf8"=>"✓", "authenticity_token"=>"G3NB5o4b8GL9/NcLDgEO5GDTjVuaSxTP6/roQD/0FLxB5SN97+xhFBLN2RicJ7Q2nip2UgADUMFlxVUv9YLatg==", "trip"=>{"location"=>"London", "time"=>"today", "travel"=>"tube", "Description"=>"Just for fun"}, "commit"=>"Save Trip"}
  Rendering text template
  Rendered text template (0.0ms)
Completed 200 OK in 3ms (Views: 1.7ms)


Started POST "/trips" for 127.0.0.1 at 2017-06-02 01:42:40 +0100
Processing by TripsController#create as HTML
  Parameters: {"utf8"=>"✓", "authenticity_token"=>"G3NB5o4b8GL9/NcLDgEO5GDTjVuaSxTP6/roQD/0FLxB5SN97+xhFBLN2RicJ7Q2nip2UgADUMFlxVUv9YLatg==", "trip"=>{"location"=>"London", "time"=>"today", "travel"=>"tube", "Description"=>"Just for fun"}, "commit"=>"Save Trip"}
  Rendering text template
  Rendered text template (0.0ms)
Completed 200 OK in 1ms (Views: 0.6ms)


Started GET "/trips" for 127.0.0.1 at 2017-06-02 01:42:46 +0100
  
AbstractController::ActionNotFound (The action 'index' could not be found for TripsController):
  
actionpack (5.1.1) lib/abstract_controller/base.rb:119:in `process'
actionview (5.1.1) lib/action_view/rendering.rb:30:in `process'
actionpack (5.1.1) lib/action_controller/metal.rb:189:in `dispatch'
actionpack (5.1.1) lib/action_controller/metal.rb:253:in `dispatch'
actionpack (5.1.1) lib/action_dispatch/routing/route_set.rb:49:in `dispatch'
actionpack (5.1.1) lib/action_dispatch/routing/route_set.rb:31:in `serve'
actionpack (5.1.1) lib/action_dispatch/journey/router.rb:46:in `block in serve'
actionpack (5.1.1) lib/action_dispatch/journey/router.rb:33:in `each'
actionpack (5.1.1) lib/action_dispatch/journey/router.rb:33:in `serve'
actionpack (5.1.1) lib/action_dispatch/routing/route_set.rb:832:in `call'
rack (2.0.3) lib/rack/etag.rb:25:in `call'
rack (2.0.3) lib/rack/conditional_get.rb:25:in `call'
rack (2.0.3) lib/rack/head.rb:12:in `call'
rack (2.0.3) lib/rack/session/abstract/id.rb:232:in `context'
rack (2.0.3) lib/rack/session/abstract/id.rb:226:in `call'
actionpack (5.1.1) lib/action_dispatch/middleware/cookies.rb:613:in `call'
activerecord (5.1.1) lib/active_record/migration.rb:556:in `call'
actionpack (5.1.1) lib/action_dispatch/middleware/callbacks.rb:26:in `block in call'
activesupport (5.1.1) lib/active_support/callbacks.rb:97:in `run_callbacks'
actionpack (5.1.1) lib/action_dispatch/middleware/callbacks.rb:24:in `call'
actionpack (5.1.1) lib/action_dispatch/middleware/executor.rb:12:in `call'
actionpack (5.1.1) lib/action_dispatch/middleware/debug_exceptions.rb:59:in `call'
web-console (3.5.1) lib/web_console/middleware.rb:135:in `call_app'
web-console (3.5.1) lib/web_console/middleware.rb:28:in `block in call'
web-console (3.5.1) lib/web_console/middleware.rb:18:in `catch'
web-console (3.5.1) lib/web_console/middleware.rb:18:in `call'
actionpack (5.1.1) lib/action_dispatch/middleware/show_exceptions.rb:31:in `call'
railties (5.1.1) lib/rails/rack/logger.rb:36:in `call_app'
railties (5.1.1) lib/rails/rack/logger.rb:24:in `block in call'
activesupport (5.1.1) lib/active_support/tagged_logging.rb:69:in `block in tagged'
activesupport (5.1.1) lib/active_support/tagged_logging.rb:26:in `tagged'
activesupport (5.1.1) lib/active_support/tagged_logging.rb:69:in `tagged'
railties (5.1.1) lib/rails/rack/logger.rb:24:in `call'
sprockets-rails (3.2.0) lib/sprockets/rails/quiet_assets.rb:13:in `call'
actionpack (5.1.1) lib/action_dispatch/middleware/remote_ip.rb:79:in `call'
actionpack (5.1.1) lib/action_dispatch/middleware/request_id.rb:25:in `call'
rack (2.0.3) lib/rack/method_override.rb:22:in `call'
rack (2.0.3) lib/rack/runtime.rb:22:in `call'
activesupport (5.1.1) lib/active_support/cache/strategy/local_cache_middleware.rb:27:in `call'
actionpack (5.1.1) lib/action_dispatch/middleware/executor.rb:12:in `call'
actionpack (5.1.1) lib/action_dispatch/middleware/static.rb:125:in `call'
rack (2.0.3) lib/rack/sendfile.rb:111:in `call'
railties (5.1.1) lib/rails/engine.rb:522:in `call'
puma (3.9.0) lib/puma/configuration.rb:224:in `call'
puma (3.9.0) lib/puma/server.rb:602:in `handle_request'
puma (3.9.0) lib/puma/server.rb:435:in `process_client'
puma (3.9.0) lib/puma/server.rb:299:in `block in run'
puma (3.9.0) lib/puma/thread_pool.rb:120:in `block in spawn_thread'
Started GET "/trips/new" for 127.0.0.1 at 2017-06-02 01:42:49 +0100
Processing by TripsController#new as HTML
  Rendering trips/new.html.erb within layouts/application
  Rendered trips/new.html.erb within layouts/application (1.7ms)
Completed 200 OK in 22ms (Views: 19.5ms)


Started POST "/trips" for 127.0.0.1 at 2017-06-02 01:42:57 +0100
Processing by TripsController#create as HTML
  Parameters: {"utf8"=>"✓", "authenticity_token"=>"FViJHc5OHvUHDZemAu5p8/wbYvQRZSjsuLhvHH779jVPzuuGr7mPg+g8mbWQyNMhAuKZ/YstbOI2h9JztI04Pw==", "trip"=>{"location"=>"London", "time"=>"today", "travel"=>"tube", "description"=>"Haha"}, "commit"=>"Save Trip"}
  Rendering text template
  Rendered text template (0.0ms)
Completed 200 OK in 1ms (Views: 0.3ms)


Started POST "/trips" for 127.0.0.1 at 2017-06-02 01:45:23 +0100
Processing by TripsController#create as HTML
  Parameters: {"utf8"=>"✓", "authenticity_token"=>"FViJHc5OHvUHDZemAu5p8/wbYvQRZSjsuLhvHH779jVPzuuGr7mPg+g8mbWQyNMhAuKZ/YstbOI2h9JztI04Pw==", "trip"=>{"location"=>"London", "time"=>"today", "travel"=>"tube", "description"=>"Haha"}, "commit"=>"Save Trip"}
  [1m[35m (0.1ms)[0m  [1m[36mbegin transaction[0m
  [1m[35mSQL (1.0ms)[0m  [1m[32mINSERT INTO "trips" ("location", "time", "travel", "description", "created_at", "updated_at") VALUES (?, ?, ?, ?, ?, ?)[0m  [["location", "London"], ["time", "today"], ["travel", "tube"], ["description", "Haha"], ["created_at", "2017-06-02 00:45:23.442183"], ["updated_at", "2017-06-02 00:45:23.442183"]]
  [1m[35m (0.6ms)[0m  [1m[36mcommit transaction[0m
Redirected to http://localhost:3000/trips/1
Completed 302 Found in 18ms (ActiveRecord: 2.5ms)


Started GET "/trips/1" for 127.0.0.1 at 2017-06-02 01:45:23 +0100
Processing by TripsController#show as HTML
  Parameters: {"id"=>"1"}
  [1m[36mTrip Load (0.2ms)[0m  [1m[34mSELECT  "trips".* FROM "trips" WHERE "trips"."id" = ? LIMIT ?[0m  [["id", 1], ["LIMIT", 1]]
  Rendering trips/show.html.erb within layouts/application
  Rendered trips/show.html.erb within layouts/application (0.5ms)
Completed 200 OK in 26ms (Views: 19.2ms | ActiveRecord: 0.2ms)


Started POST "/trips" for 127.0.0.1 at 2017-06-02 01:48:19 +0100
Processing by TripsController#create as HTML
  Parameters: {"utf8"=>"✓", "authenticity_token"=>"FViJHc5OHvUHDZemAu5p8/wbYvQRZSjsuLhvHH779jVPzuuGr7mPg+g8mbWQyNMhAuKZ/YstbOI2h9JztI04Pw==", "trip"=>{"location"=>"London", "time"=>"today", "travel"=>"tube", "description"=>"Haha"}, "commit"=>"Save Trip"}
  [1m[35m (0.1ms)[0m  [1m[36mbegin transaction[0m
  [1m[35mSQL (0.5ms)[0m  [1m[32mINSERT INTO "trips" ("location", "time", "travel", "description", "created_at", "updated_at") VALUES (?, ?, ?, ?, ?, ?)[0m  [["location", "London"], ["time", "today"], ["travel", "tube"], ["description", "Haha"], ["created_at", "2017-06-02 00:48:19.419605"], ["updated_at", "2017-06-02 00:48:19.419605"]]
  [1m[35m (1.6ms)[0m  [1m[36mcommit transaction[0m
Redirected to http://localhost:3000/trips/2
Completed 302 Found in 7ms (ActiveRecord: 2.2ms)


Started GET "/trips/2" for 127.0.0.1 at 2017-06-02 01:48:19 +0100
Processing by TripsController#show as HTML
  Parameters: {"id"=>"2"}
  [1m[36mTrip Load (0.1ms)[0m  [1m[34mSELECT  "trips".* FROM "trips" WHERE "trips"."id" = ? LIMIT ?[0m  [["id", 2], ["LIMIT", 1]]
  Rendering trips/show.html.erb within layouts/application
  Rendered trips/show.html.erb within layouts/application (0.8ms)
Completed 200 OK in 24ms (Views: 21.9ms | ActiveRecord: 0.1ms)


Started GET "/trips/" for 127.0.0.1 at 2017-06-02 01:53:06 +0100
Processing by TripsController#index as HTML
  Rendering trips/index.html.erb within layouts/application
  Rendered trips/index.html.erb within layouts/application (2.1ms)
Completed 500 Internal Server Error in 6ms (ActiveRecord: 0.0ms)


  
ActionView::Template::Error (undefined method `each' for nil:NilClass):
     6:     <th>Time</th>
     7:   </tr>
     8: 
     9:   <% @trip.each do |trip| %>
    10:     <tr>
    11:       <td><%= trip.location %></td>
    12:       <td><%= trip.time %></td>
  
app/views/trips/index.html.erb:9:in `_app_views_trips_index_html_erb___2783018713698513005_70139432621560'
Started GET "/trips/" for 127.0.0.1 at 2017-06-02 01:53:14 +0100
Processing by TripsController#index as HTML
  Rendering trips/index.html.erb within layouts/application
  [1m[36mTrip Load (0.1ms)[0m  [1m[34mSELECT "trips".* FROM "trips"[0m
  Rendered trips/index.html.erb within layouts/application (10.5ms)
Completed 200 OK in 33ms (Views: 30.3ms | ActiveRecord: 0.8ms)


Started GET "/trips/new" for 127.0.0.1 at 2017-06-02 01:53:22 +0100
Processing by TripsController#new as HTML
  Rendering trips/new.html.erb within layouts/application
  Rendered trips/new.html.erb within layouts/application (2.8ms)
Completed 200 OK in 26ms (Views: 24.7ms | ActiveRecord: 0.0ms)


Started POST "/trips" for 127.0.0.1 at 2017-06-02 01:53:37 +0100
Processing by TripsController#create as HTML
  Parameters: {"utf8"=>"✓", "authenticity_token"=>"MNLFMxXCcrfWV6eUvmvqHsFkQjeapYs+6AoqbDMzjnBqRKeodDXjwTlmqYcsTVDMP525PgDtzzBmNZcD+UVAeg==", "trip"=>{"location"=>"Cardiff", "time"=>"Someday", "travel"=>"Train ", "description"=>"Old memories"}, "commit"=>"Save Trip"}
  [1m[35m (0.1ms)[0m  [1m[36mbegin transaction[0m
  [1m[35mSQL (0.7ms)[0m  [1m[32mINSERT INTO "trips" ("location", "time", "travel", "description", "created_at", "updated_at") VALUES (?, ?, ?, ?, ?, ?)[0m  [["location", "Cardiff"], ["time", "Someday"], ["travel", "Train "], ["description", "Old memories"], ["created_at", "2017-06-02 00:53:37.681785"], ["updated_at", "2017-06-02 00:53:37.681785"]]
  [1m[35m (0.7ms)[0m  [1m[36mcommit transaction[0m
Redirected to http://localhost:3000/trips/3
Completed 302 Found in 7ms (ActiveRecord: 1.5ms)


Started GET "/trips/3" for 127.0.0.1 at 2017-06-02 01:53:37 +0100
Processing by TripsController#show as HTML
  Parameters: {"id"=>"3"}
  [1m[36mTrip Load (0.2ms)[0m  [1m[34mSELECT  "trips".* FROM "trips" WHERE "trips"."id" = ? LIMIT ?[0m  [["id", 3], ["LIMIT", 1]]
  Rendering trips/show.html.erb within layouts/application
  Rendered trips/show.html.erb within layouts/application (0.7ms)
Completed 200 OK in 22ms (Views: 19.3ms | ActiveRecord: 0.2ms)


Started GET "/trips/" for 127.0.0.1 at 2017-06-02 01:53:40 +0100
Processing by TripsController#index as HTML
  Rendering trips/index.html.erb within layouts/application
  [1m[36mTrip Load (0.2ms)[0m  [1m[34mSELECT "trips".* FROM "trips"[0m
  Rendered trips/index.html.erb within layouts/application (2.2ms)
Completed 200 OK in 29ms (Views: 27.0ms | ActiveRecord: 0.2ms)


Started GET "/trips/1" for 127.0.0.1 at 2017-06-02 01:54:58 +0100
Processing by TripsController#show as HTML
  Parameters: {"id"=>"1"}
  [1m[36mTrip Load (0.3ms)[0m  [1m[34mSELECT  "trips".* FROM "trips" WHERE "trips"."id" = ? LIMIT ?[0m  [["id", 1], ["LIMIT", 1]]
  Rendering trips/show.html.erb within layouts/application
  Rendered trips/show.html.erb within layouts/application (1.2ms)
Completed 200 OK in 44ms (Views: 39.1ms | ActiveRecord: 0.3ms)


Started GET "/trips/2" for 127.0.0.1 at 2017-06-02 01:55:00 +0100
Processing by TripsController#show as HTML
  Parameters: {"id"=>"2"}
  [1m[36mTrip Load (0.2ms)[0m  [1m[34mSELECT  "trips".* FROM "trips" WHERE "trips"."id" = ? LIMIT ?[0m  [["id", 2], ["LIMIT", 1]]
  Rendering trips/show.html.erb within layouts/application
  Rendered trips/show.html.erb within layouts/application (0.9ms)
Completed 200 OK in 36ms (Views: 31.4ms | ActiveRecord: 0.2ms)


Started GET "/trips/3" for 127.0.0.1 at 2017-06-02 01:55:05 +0100
Processing by TripsController#show as HTML
  Parameters: {"id"=>"3"}
  [1m[36mTrip Load (0.2ms)[0m  [1m[34mSELECT  "trips".* FROM "trips" WHERE "trips"."id" = ? LIMIT ?[0m  [["id", 3], ["LIMIT", 1]]
  Rendering trips/show.html.erb within layouts/application
  Rendered trips/show.html.erb within layouts/application (0.8ms)
Completed 200 OK in 39ms (Views: 34.7ms | ActiveRecord: 0.2ms)


Started GET "/trips/3" for 127.0.0.1 at 2017-06-02 01:55:09 +0100
Processing by TripsController#show as HTML
  Parameters: {"id"=>"3"}
  [1m[36mTrip Load (1.6ms)[0m  [1m[34mSELECT  "trips".* FROM "trips" WHERE "trips"."id" = ? LIMIT ?[0m  [["id", 3], ["LIMIT", 1]]
  Rendering trips/show.html.erb within layouts/application
  Rendered trips/show.html.erb within layouts/application (1.1ms)
Completed 200 OK in 44ms (Views: 38.9ms | ActiveRecord: 1.6ms)


Started GET "/" for 127.0.0.1 at 2017-06-02 01:55:56 +0100
Processing by WelcomeController#index as HTML
  Rendering welcome/index.html.erb within layouts/application
  Rendered welcome/index.html.erb within layouts/application (0.9ms)
Completed 200 OK in 20ms (Views: 18.6ms | ActiveRecord: 0.0ms)


Started GET "/trips" for 127.0.0.1 at 2017-06-02 01:55:58 +0100
Processing by TripsController#index as HTML
  Rendering trips/index.html.erb within layouts/application
  [1m[36mTrip Load (0.3ms)[0m  [1m[34mSELECT "trips".* FROM "trips"[0m
  Rendered trips/index.html.erb within layouts/application (5.7ms)
Completed 500 Internal Server Error in 15ms (ActiveRecord: 0.3ms)


  
ActionView::Template::Error (No route matches {:action=>"show", :controller=>"trips"}, missing required keys: [:id]):
    10:     <tr>
    11:       <td><%= trip.location %></td>
    12:       <td><%= trip.time %></td>
    13:       <td><%= link_to 'Show', trip_path %></td>
    14:     </tr>
    15:   <% end %>
    16: </table>
  
app/views/trips/index.html.erb:13:in `block in _app_views_trips_index_html_erb___2783018713698513005_70139359940120'
app/views/trips/index.html.erb:9:in `_app_views_trips_index_html_erb___2783018713698513005_70139359940120'
Started GET "/" for 127.0.0.1 at 2017-06-02 01:57:11 +0100
Processing by WelcomeController#index as HTML
  Rendering welcome/index.html.erb within layouts/application
  Rendered welcome/index.html.erb within layouts/application (0.5ms)
Completed 200 OK in 19ms (Views: 17.5ms | ActiveRecord: 0.0ms)


Started GET "/trips" for 127.0.0.1 at 2017-06-02 01:57:12 +0100
Processing by TripsController#index as HTML
  Rendering trips/index.html.erb within layouts/application
  [1m[36mTrip Load (0.2ms)[0m  [1m[34mSELECT "trips".* FROM "trips"[0m
  Rendered trips/index.html.erb within layouts/application (15.0ms)
Completed 500 Internal Server Error in 24ms (ActiveRecord: 0.2ms)


  
ActionView::Template::Error (No route matches {:action=>"show", :controller=>"trips"}, missing required keys: [:id]):
    10:     <tr>
    11:       <td><%= trip.location %></td>
    12:       <td><%= trip.time %></td>
    13:       <td><%= link_to 'Show', trip_path %></td>
    14:     </tr>
    15:   <% end %>
    16: </table>
  
app/views/trips/index.html.erb:13:in `block in _app_views_trips_index_html_erb___2783018713698513005_70139436247540'
app/views/trips/index.html.erb:9:in `_app_views_trips_index_html_erb___2783018713698513005_70139436247540'
Started GET "/trips" for 127.0.0.1 at 2017-06-02 01:57:15 +0100
Processing by TripsController#index as HTML
  Rendering trips/index.html.erb within layouts/application
  [1m[36mTrip Load (0.1ms)[0m  [1m[34mSELECT "trips".* FROM "trips"[0m
  Rendered trips/index.html.erb within layouts/application (2.1ms)
Completed 500 Internal Server Error in 6ms (ActiveRecord: 0.1ms)


  
ActionView::Template::Error (No route matches {:action=>"show", :controller=>"trips"}, missing required keys: [:id]):
    10:     <tr>
    11:       <td><%= trip.location %></td>
    12:       <td><%= trip.time %></td>
    13:       <td><%= link_to 'Show', trip_path %></td>
    14:     </tr>
    15:   <% end %>
    16: </table>
  
app/views/trips/index.html.erb:13:in `block in _app_views_trips_index_html_erb___2783018713698513005_70139397138900'
app/views/trips/index.html.erb:9:in `_app_views_trips_index_html_erb___2783018713698513005_70139397138900'
Started GET "/trips" for 127.0.0.1 at 2017-06-02 01:57:35 +0100
Processing by TripsController#index as HTML
  Rendering trips/index.html.erb within layouts/application
  [1m[36mTrip Load (0.2ms)[0m  [1m[34mSELECT "trips".* FROM "trips"[0m
  Rendered trips/index.html.erb within layouts/application (1.4ms)
Completed 200 OK in 19ms (Views: 17.1ms | ActiveRecord: 0.2ms)


Started GET "/trips" for 127.0.0.1 at 2017-06-02 01:57:51 +0100
Processing by TripsController#index as HTML
  Rendering trips/index.html.erb within layouts/application
  [1m[36mTrip Load (0.1ms)[0m  [1m[34mSELECT "trips".* FROM "trips"[0m
  Rendered trips/index.html.erb within layouts/application (2.3ms)
Completed 500 Internal Server Error in 6ms (ActiveRecord: 0.1ms)


  
ActionView::Template::Error (No route matches {:action=>"show", :controller=>"trips"}, missing required keys: [:id]):
    10:     <tr>
    11:       <td><%= trip.location %></td>
    12:       <td><%= trip.time %></td>
    13:       <td><%= link_to 'Show', trip_path %></td>
    14:     </tr>
    15:   <% end %>
    16: </table>
  
app/views/trips/index.html.erb:13:in `block in _app_views_trips_index_html_erb___2783018713698513005_70139434220820'
app/views/trips/index.html.erb:9:in `_app_views_trips_index_html_erb___2783018713698513005_70139434220820'
Started GET "/trips" for 127.0.0.1 at 2017-06-02 01:58:51 +0100
Processing by TripsController#index as HTML
  Rendering trips/index.html.erb within layouts/application
  [1m[36mTrip Load (0.2ms)[0m  [1m[34mSELECT "trips".* FROM "trips"[0m
  Rendered trips/index.html.erb within layouts/application (1.4ms)
Completed 200 OK in 22ms (Views: 20.0ms | ActiveRecord: 0.2ms)


Started GET "/trips/2" for 127.0.0.1 at 2017-06-02 01:58:52 +0100
Processing by TripsController#show as HTML
  Parameters: {"id"=>"2"}
  [1m[36mTrip Load (0.2ms)[0m  [1m[34mSELECT  "trips".* FROM "trips" WHERE "trips"."id" = ? LIMIT ?[0m  [["id", 2], ["LIMIT", 1]]
  Rendering trips/show.html.erb within layouts/application
  Rendered trips/show.html.erb within layouts/application (231.2ms)
Completed 500 Internal Server Error in 240ms (ActiveRecord: 0.2ms)


  
ActionView::Template::Error (undefined local variable or method `articles_path' for #<#<Class:0x007f952fb7a900>:0x007f953844c508>
Did you mean?  asset_path):
    19:  <%= @trip.description %>
    20: </p>
    21: 
    22: <%= link_to 'Back', articles_path %>
  
app/views/trips/show.html.erb:22:in `_app_views_trips_show_html_erb___1495945550333592196_70139435444120'
Started GET "/trips" for 127.0.0.1 at 2017-06-02 01:58:55 +0100
Processing by TripsController#index as HTML
  Rendering trips/index.html.erb within layouts/application
  [1m[36mTrip Load (0.7ms)[0m  [1m[34mSELECT "trips".* FROM "trips"[0m
  Rendered trips/index.html.erb within layouts/application (6.0ms)
Completed 200 OK in 41ms (Views: 36.1ms | ActiveRecord: 0.7ms)


Started GET "/trips/1" for 127.0.0.1 at 2017-06-02 01:58:56 +0100
Processing by TripsController#show as HTML
  Parameters: {"id"=>"1"}
  [1m[36mTrip Load (0.1ms)[0m  [1m[34mSELECT  "trips".* FROM "trips" WHERE "trips"."id" = ? LIMIT ?[0m  [["id", 1], ["LIMIT", 1]]
  Rendering trips/show.html.erb within layouts/application
  Rendered trips/show.html.erb within layouts/application (218.2ms)
Completed 500 Internal Server Error in 226ms (ActiveRecord: 0.1ms)


  
ActionView::Template::Error (undefined local variable or method `articles_path' for #<#<Class:0x007f952fb7a900>:0x007f953949c9a8>
Did you mean?  asset_path):
    19:  <%= @trip.description %>
    20: </p>
    21: 
    22: <%= link_to 'Back', articles_path %>
  
app/views/trips/show.html.erb:22:in `_app_views_trips_show_html_erb___1495945550333592196_70139443997120'
Started GET "/trips/1" for 127.0.0.1 at 2017-06-02 01:59:20 +0100
Processing by TripsController#show as HTML
  Parameters: {"id"=>"1"}
  [1m[36mTrip Load (0.1ms)[0m  [1m[34mSELECT  "trips".* FROM "trips" WHERE "trips"."id" = ? LIMIT ?[0m  [["id", 1], ["LIMIT", 1]]
  Rendering trips/show.html.erb within layouts/application
  Rendered trips/show.html.erb within layouts/application (0.5ms)
Completed 200 OK in 16ms (Views: 13.8ms | ActiveRecord: 0.1ms)


Started GET "/trips" for 127.0.0.1 at 2017-06-02 01:59:22 +0100
Processing by TripsController#index as HTML
  Rendering trips/index.html.erb within layouts/application
  [1m[36mTrip Load (0.2ms)[0m  [1m[34mSELECT "trips".* FROM "trips"[0m
  Rendered trips/index.html.erb within layouts/application (1.8ms)
Completed 200 OK in 37ms (Views: 34.9ms | ActiveRecord: 0.2ms)


Started GET "/trips/1" for 127.0.0.1 at 2017-06-02 02:03:30 +0100
Processing by TripsController#show as HTML
  Parameters: {"id"=>"1"}
  [1m[36mTrip Load (0.7ms)[0m  [1m[34mSELECT  "trips".* FROM "trips" WHERE "trips"."id" = ? LIMIT ?[0m  [["id", 1], ["LIMIT", 1]]
  Rendering trips/show.html.erb within layouts/application
  Rendered trips/show.html.erb within layouts/application (1.0ms)
Completed 200 OK in 50ms (Views: 29.5ms | ActiveRecord: 2.7ms)


Started GET "/t" for 127.0.0.1 at 2017-06-02 02:03:36 +0100
  
ActionController::RoutingError (No route matches [GET] "/t"):
  
actionpack (5.1.1) lib/action_dispatch/middleware/debug_exceptions.rb:63:in `call'
web-console (3.5.1) lib/web_console/middleware.rb:135:in `call_app'
web-console (3.5.1) lib/web_console/middleware.rb:28:in `block in call'
web-console (3.5.1) lib/web_console/middleware.rb:18:in `catch'
web-console (3.5.1) lib/web_console/middleware.rb:18:in `call'
actionpack (5.1.1) lib/action_dispatch/middleware/show_exceptions.rb:31:in `call'
railties (5.1.1) lib/rails/rack/logger.rb:36:in `call_app'
railties (5.1.1) lib/rails/rack/logger.rb:24:in `block in call'
activesupport (5.1.1) lib/active_support/tagged_logging.rb:69:in `block in tagged'
activesupport (5.1.1) lib/active_support/tagged_logging.rb:26:in `tagged'
activesupport (5.1.1) lib/active_support/tagged_logging.rb:69:in `tagged'
railties (5.1.1) lib/rails/rack/logger.rb:24:in `call'
sprockets-rails (3.2.0) lib/sprockets/rails/quiet_assets.rb:13:in `call'
actionpack (5.1.1) lib/action_dispatch/middleware/remote_ip.rb:79:in `call'
actionpack (5.1.1) lib/action_dispatch/middleware/request_id.rb:25:in `call'
rack (2.0.3) lib/rack/method_override.rb:22:in `call'
rack (2.0.3) lib/rack/runtime.rb:22:in `call'
activesupport (5.1.1) lib/active_support/cache/strategy/local_cache_middleware.rb:27:in `call'
actionpack (5.1.1) lib/action_dispatch/middleware/executor.rb:12:in `call'
actionpack (5.1.1) lib/action_dispatch/middleware/static.rb:125:in `call'
rack (2.0.3) lib/rack/sendfile.rb:111:in `call'
railties (5.1.1) lib/rails/engine.rb:522:in `call'
puma (3.9.0) lib/puma/configuration.rb:224:in `call'
puma (3.9.0) lib/puma/server.rb:602:in `handle_request'
puma (3.9.0) lib/puma/server.rb:435:in `process_client'
puma (3.9.0) lib/puma/server.rb:299:in `block in run'
puma (3.9.0) lib/puma/thread_pool.rb:120:in `block in spawn_thread'
Started GET "/" for 127.0.0.1 at 2017-06-02 02:03:38 +0100
Processing by WelcomeController#index as HTML
  Rendering welcome/index.html.erb within layouts/application
  Rendered welcome/index.html.erb within layouts/application (0.9ms)
Completed 200 OK in 22ms (Views: 19.8ms | ActiveRecord: 0.0ms)


Started GET "/trips" for 127.0.0.1 at 2017-06-02 02:03:39 +0100
Processing by TripsController#index as HTML
  Rendering trips/index.html.erb within layouts/application
  [1m[36mTrip Load (0.3ms)[0m  [1m[34mSELECT "trips".* FROM "trips"[0m
  Rendered trips/index.html.erb within layouts/application (2.9ms)
Completed 200 OK in 44ms (Views: 38.4ms | ActiveRecord: 0.3ms)


Started GET "/trips/1" for 127.0.0.1 at 2017-06-02 02:03:40 +0100
Processing by TripsController#show as HTML
  Parameters: {"id"=>"1"}
  [1m[36mTrip Load (0.2ms)[0m  [1m[34mSELECT  "trips".* FROM "trips" WHERE "trips"."id" = ? LIMIT ?[0m  [["id", 1], ["LIMIT", 1]]
  Rendering trips/show.html.erb within layouts/application
  Rendered trips/show.html.erb within layouts/application (0.9ms)
Completed 200 OK in 36ms (Views: 31.2ms | ActiveRecord: 0.2ms)


Started GET "/trips" for 127.0.0.1 at 2017-06-02 02:03:42 +0100
Processing by TripsController#index as HTML
  Rendering trips/index.html.erb within layouts/application
  [1m[36mTrip Load (0.2ms)[0m  [1m[34mSELECT "trips".* FROM "trips"[0m
  Rendered trips/index.html.erb within layouts/application (2.1ms)
Completed 200 OK in 40ms (Views: 36.3ms | ActiveRecord: 0.2ms)


Started GET "/trips/1" for 127.0.0.1 at 2017-06-02 02:03:43 +0100
Processing by TripsController#show as HTML
  Parameters: {"id"=>"1"}
  [1m[36mTrip Load (0.2ms)[0m  [1m[34mSELECT  "trips".* FROM "trips" WHERE "trips"."id" = ? LIMIT ?[0m  [["id", 1], ["LIMIT", 1]]
  Rendering trips/show.html.erb within layouts/application
  Rendered trips/show.html.erb within layouts/application (0.9ms)
Completed 200 OK in 44ms (Views: 38.8ms | ActiveRecord: 0.2ms)


Started GET "/trips" for 127.0.0.1 at 2017-06-02 02:19:55 +0100
  
SyntaxError (/Users/zuyvu/Tripanion/app/controllers/trips_controller.rb:36: syntax error, unexpected keyword_end, expecting end-of-input):
  
app/controllers/trips_controller.rb:36: syntax error, unexpected keyword_end, expecting end-of-input
Started GET "/" for 127.0.0.1 at 2017-06-02 02:19:58 +0100
Processing by WelcomeController#index as HTML
  Rendering welcome/index.html.erb within layouts/application
  Rendered welcome/index.html.erb within layouts/application (2.7ms)
Completed 200 OK in 50ms (Views: 47.1ms)


Started GET "/trips" for 127.0.0.1 at 2017-06-02 02:20:00 +0100
  
SyntaxError (/Users/zuyvu/Tripanion/app/controllers/trips_controller.rb:36: syntax error, unexpected keyword_end, expecting end-of-input):
  
app/controllers/trips_controller.rb:36: syntax error, unexpected keyword_end, expecting end-of-input
Started GET "/trips" for 127.0.0.1 at 2017-06-02 02:20:20 +0100
  [1m[35m (0.4ms)[0m  [1m[34mSELECT "schema_migrations"."version" FROM "schema_migrations" ORDER BY "schema_migrations"."version" ASC[0m
  
SyntaxError (/Users/zuyvu/Tripanion/app/controllers/trips_controller.rb:36: syntax error, unexpected keyword_end, expecting end-of-input):
  
app/controllers/trips_controller.rb:36: syntax error, unexpected keyword_end, expecting end-of-input
Started GET "/" for 127.0.0.1 at 2017-06-02 02:20:22 +0100
Processing by WelcomeController#index as HTML
  Rendering welcome/index.html.erb within layouts/application
  Rendered welcome/index.html.erb within layouts/application (2.3ms)
Completed 200 OK in 238ms (Views: 229.4ms | ActiveRecord: 0.0ms)


Started GET "/" for 127.0.0.1 at 2017-06-02 02:20:25 +0100
Processing by WelcomeController#index as HTML
  Rendering welcome/index.html.erb within layouts/application
  Rendered welcome/index.html.erb within layouts/application (0.7ms)
Completed 200 OK in 20ms (Views: 18.3ms | ActiveRecord: 0.0ms)


Started GET "/trips" for 127.0.0.1 at 2017-06-02 02:20:26 +0100
  
SyntaxError (/Users/zuyvu/Tripanion/app/controllers/trips_controller.rb:36: syntax error, unexpected keyword_end, expecting end-of-input):
  
app/controllers/trips_controller.rb:36: syntax error, unexpected keyword_end, expecting end-of-input
Started GET "/trips" for 127.0.0.1 at 2017-06-02 02:22:54 +0100
  
SyntaxError (/Users/zuyvu/Tripanion/app/controllers/trips_controller.rb:36: syntax error, unexpected keyword_end, expecting end-of-input):
  
app/controllers/trips_controller.rb:36: syntax error, unexpected keyword_end, expecting end-of-input
Started GET "/" for 127.0.0.1 at 2017-06-02 02:22:56 +0100
Processing by WelcomeController#index as HTML
  Rendering welcome/index.html.erb within layouts/application
  Rendered welcome/index.html.erb within layouts/application (1.9ms)
Completed 200 OK in 24ms (Views: 22.9ms | ActiveRecord: 0.0ms)


Started GET "/trips/new" for 127.0.0.1 at 2017-06-02 02:23:00 +0100
  
SyntaxError (/Users/zuyvu/Tripanion/app/controllers/trips_controller.rb:36: syntax error, unexpected keyword_end, expecting end-of-input):
  
app/controllers/trips_controller.rb:36: syntax error, unexpected keyword_end, expecting end-of-input
Started GET "/trips/new" for 127.0.0.1 at 2017-06-02 02:25:42 +0100
Processing by TripsController#new as HTML
  Rendering trips/new.html.erb within layouts/application
  Rendered trips/new.html.erb within layouts/application (21.7ms)
Completed 200 OK in 63ms (Views: 60.4ms)


Started POST "/trips" for 127.0.0.1 at 2017-06-02 02:27:46 +0100
Processing by TripsController#create as HTML
  Parameters: {"utf8"=>"✓", "authenticity_token"=>"0I+VdadVYwAOm/3b6ZnzNk0wADawQmyyzlUguX/n0hGKGffuxqLyduGq88h7v0nks8n7PyoKKLxAap3WtZEcGw==", "trip"=>{"location"=>"Hanoi", "time"=>"Soon", "travel"=>"Flight", "description"=>"Summer Holiday"}, "commit"=>"Save Trip"}
  [1m[35m (0.1ms)[0m  [1m[36mbegin transaction[0m
  [1m[35mSQL (0.4ms)[0m  [1m[32mINSERT INTO "trips" ("location", "time", "travel", "description", "created_at", "updated_at") VALUES (?, ?, ?, ?, ?, ?)[0m  [["location", "Hanoi"], ["time", "Soon"], ["travel", "Flight"], ["description", "Summer Holiday"], ["created_at", "2017-06-02 01:27:46.755112"], ["updated_at", "2017-06-02 01:27:46.755112"]]
  [1m[35m (0.6ms)[0m  [1m[36mcommit transaction[0m
Redirected to http://localhost:3000/trips/4
Completed 302 Found in 23ms (ActiveRecord: 2.1ms)


Started GET "/trips/4" for 127.0.0.1 at 2017-06-02 02:27:46 +0100
Processing by TripsController#show as HTML
  Parameters: {"id"=>"4"}
  [1m[36mTrip Load (0.3ms)[0m  [1m[34mSELECT  "trips".* FROM "trips" WHERE "trips"."id" = ? LIMIT ?[0m  [["id", 4], ["LIMIT", 1]]
  Rendering trips/show.html.erb within layouts/application
  Rendered trips/show.html.erb within layouts/application (1.2ms)
Completed 200 OK in 41ms (Views: 30.1ms | ActiveRecord: 0.3ms)


Started GET "/trips" for 127.0.0.1 at 2017-06-02 02:27:48 +0100
Processing by TripsController#index as HTML
  Rendering trips/index.html.erb within layouts/application
  [1m[36mTrip Load (0.3ms)[0m  [1m[34mSELECT "trips".* FROM "trips"[0m
  Rendered trips/index.html.erb within layouts/application (4.8ms)
Completed 200 OK in 46ms (Views: 39.9ms | ActiveRecord: 0.3ms)


Started GET "/trips/1/edit" for 127.0.0.1 at 2017-06-02 02:27:50 +0100
Processing by TripsController#edit as HTML
  Parameters: {"id"=>"1"}
  [1m[36mTrip Load (0.3ms)[0m  [1m[34mSELECT  "trips".* FROM "trips" WHERE "trips"."id" = ? LIMIT ?[0m  [["id", 1], ["LIMIT", 1]]
  Rendering trips/edit.html.erb within layouts/application
  Rendered trips/edit.html.erb within layouts/application (7.1ms)
Completed 200 OK in 48ms (Views: 42.6ms | ActiveRecord: 0.3ms)


Started GET "/trips/1" for 127.0.0.1 at 2017-06-02 02:27:52 +0100
Processing by TripsController#show as HTML
  Parameters: {"id"=>"1"}
  [1m[36mTrip Load (0.2ms)[0m  [1m[34mSELECT  "trips".* FROM "trips" WHERE "trips"."id" = ? LIMIT ?[0m  [["id", 1], ["LIMIT", 1]]
  Rendering trips/show.html.erb within layouts/application
  Rendered trips/show.html.erb within layouts/application (1.0ms)
Completed 200 OK in 43ms (Views: 39.4ms | ActiveRecord: 0.2ms)


Started GET "/trips" for 127.0.0.1 at 2017-06-02 02:29:15 +0100
Processing by TripsController#index as HTML
  Rendering trips/index.html.erb within layouts/application
  [1m[36mTrip Load (0.3ms)[0m  [1m[34mSELECT "trips".* FROM "trips"[0m
  Rendered trips/index.html.erb within layouts/application (4.4ms)
Completed 200 OK in 45ms (Views: 40.9ms | ActiveRecord: 0.3ms)


Started GET "/trips/4/edit" for 127.0.0.1 at 2017-06-02 02:29:16 +0100
Processing by TripsController#edit as HTML
  Parameters: {"id"=>"4"}
  [1m[36mTrip Load (0.2ms)[0m  [1m[34mSELECT  "trips".* FROM "trips" WHERE "trips"."id" = ? LIMIT ?[0m  [["id", 4], ["LIMIT", 1]]
  Rendering trips/edit.html.erb within layouts/application
  Rendered trips/edit.html.erb within layouts/application (6.5ms)
Completed 200 OK in 38ms (Views: 34.2ms | ActiveRecord: 0.2ms)


Started GET "/trips/4" for 127.0.0.1 at 2017-06-02 02:29:33 +0100
Processing by TripsController#show as HTML
  Parameters: {"id"=>"4"}
  [1m[36mTrip Load (0.2ms)[0m  [1m[34mSELECT  "trips".* FROM "trips" WHERE "trips"."id" = ? LIMIT ?[0m  [["id", 4], ["LIMIT", 1]]
  Rendering trips/show.html.erb within layouts/application
  Rendered trips/show.html.erb within layouts/application (1.4ms)
Completed 200 OK in 32ms (Views: 26.7ms | ActiveRecord: 0.2ms)


Started GET "/trips" for 127.0.0.1 at 2017-06-02 02:29:35 +0100
Processing by TripsController#index as HTML
  Rendering trips/index.html.erb within layouts/application
  [1m[36mTrip Load (0.2ms)[0m  [1m[34mSELECT "trips".* FROM "trips"[0m
  Rendered trips/index.html.erb within layouts/application (2.5ms)
Completed 200 OK in 46ms (Views: 41.2ms | ActiveRecord: 0.2ms)


Started GET "/trips/2" for 127.0.0.1 at 2017-06-02 02:29:36 +0100
Processing by TripsController#show as HTML
  Parameters: {"id"=>"2"}
  [1m[36mTrip Load (0.2ms)[0m  [1m[34mSELECT  "trips".* FROM "trips" WHERE "trips"."id" = ? LIMIT ?[0m  [["id", 2], ["LIMIT", 1]]
  Rendering trips/show.html.erb within layouts/application
  Rendered trips/show.html.erb within layouts/application (5.0ms)
Completed 200 OK in 39ms (Views: 33.5ms | ActiveRecord: 0.2ms)


Started GET "/trips/2/edit" for 127.0.0.1 at 2017-06-02 02:29:37 +0100
Processing by TripsController#edit as HTML
  Parameters: {"id"=>"2"}
  [1m[36mTrip Load (0.1ms)[0m  [1m[34mSELECT  "trips".* FROM "trips" WHERE "trips"."id" = ? LIMIT ?[0m  [["id", 2], ["LIMIT", 1]]
  Rendering trips/edit.html.erb within layouts/application
  Rendered trips/edit.html.erb within layouts/application (9.0ms)
Completed 200 OK in 41ms (Views: 36.6ms | ActiveRecord: 0.1ms)


Started GET "/trips/2" for 127.0.0.1 at 2017-06-02 02:29:39 +0100
Processing by TripsController#show as HTML
  Parameters: {"id"=>"2"}
  [1m[36mTrip Load (0.2ms)[0m  [1m[34mSELECT  "trips".* FROM "trips" WHERE "trips"."id" = ? LIMIT ?[0m  [["id", 2], ["LIMIT", 1]]
  Rendering trips/show.html.erb within layouts/application
  Rendered trips/show.html.erb within layouts/application (1.0ms)
Completed 200 OK in 48ms (Views: 42.0ms | ActiveRecord: 0.2ms)


Started GET "/trips/2" for 127.0.0.1 at 2017-06-02 02:32:40 +0100
Processing by TripsController#show as HTML
  Parameters: {"id"=>"2"}
  [1m[36mTrip Load (0.2ms)[0m  [1m[34mSELECT  "trips".* FROM "trips" WHERE "trips"."id" = ? LIMIT ?[0m  [["id", 2], ["LIMIT", 1]]
  Rendering trips/show.html.erb within layouts/application
  Rendered trips/show.html.erb within layouts/application (0.7ms)
Completed 200 OK in 23ms (Views: 21.4ms | ActiveRecord: 0.1ms)


Started GET "/trips" for 127.0.0.1 at 2017-06-02 02:33:38 +0100
Processing by TripsController#index as HTML
  Rendering trips/index.html.erb within layouts/application
  [1m[36mTrip Load (0.3ms)[0m  [1m[34mSELECT "trips".* FROM "trips"[0m
  Rendered trips/index.html.erb within layouts/application (3.6ms)
Completed 200 OK in 45ms (Views: 42.5ms | ActiveRecord: 0.3ms)


Started GET "/trips/2/edit" for 127.0.0.1 at 2017-06-02 02:33:40 +0100
Processing by TripsController#edit as HTML
  Parameters: {"id"=>"2"}
  [1m[36mTrip Load (0.2ms)[0m  [1m[34mSELECT  "trips".* FROM "trips" WHERE "trips"."id" = ? LIMIT ?[0m  [["id", 2], ["LIMIT", 1]]
  Rendering trips/edit.html.erb within layouts/application
  Rendered trips/edit.html.erb within layouts/application (5.6ms)
Completed 200 OK in 41ms (Views: 36.8ms | ActiveRecord: 0.2ms)


Started PATCH "/trips/2" for 127.0.0.1 at 2017-06-02 02:33:47 +0100
Processing by TripsController#update as HTML
  Parameters: {"utf8"=>"✓", "authenticity_token"=>"OpKfI5KppxYRiWNN4SGuDj98LB7N6CA2hzoqZxIFGIq4Hc/4ibl+lIpGKGvg841gnfYCfFFFzNu9M588nv2grw==", "trip"=>{"location"=>"London", "time"=>"tomorrow", "travel"=>"tube", "description"=>"Haha"}, "commit"=>"Update Trip", "id"=>"2"}
  [1m[36mTrip Load (0.3ms)[0m  [1m[34mSELECT  "trips".* FROM "trips" WHERE "trips"."id" = ? LIMIT ?[0m  [["id", 2], ["LIMIT", 1]]
  [1m[35m (0.1ms)[0m  [1m[36mbegin transaction[0m
  [1m[35mSQL (0.6ms)[0m  [1m[33mUPDATE "trips" SET "time" = ?, "updated_at" = ? WHERE "trips"."id" = ?[0m  [["time", "tomorrow"], ["updated_at", "2017-06-02 01:33:47.443258"], ["id", 2]]
  [1m[35m (0.6ms)[0m  [1m[36mcommit transaction[0m
Redirected to http://localhost:3000/trips/2
Completed 302 Found in 10ms (ActiveRecord: 1.7ms)


Started GET "/trips/2" for 127.0.0.1 at 2017-06-02 02:33:47 +0100
Processing by TripsController#show as HTML
  Parameters: {"id"=>"2"}
  [1m[36mTrip Load (0.1ms)[0m  [1m[34mSELECT  "trips".* FROM "trips" WHERE "trips"."id" = ? LIMIT ?[0m  [["id", 2], ["LIMIT", 1]]
  Rendering trips/show.html.erb within layouts/application
  Rendered trips/show.html.erb within layouts/application (0.8ms)
Completed 200 OK in 18ms (Views: 15.7ms | ActiveRecord: 0.1ms)


Started GET "/trips" for 127.0.0.1 at 2017-06-02 02:33:49 +0100
Processing by TripsController#index as HTML
  Rendering trips/index.html.erb within layouts/application
  [1m[36mTrip Load (0.3ms)[0m  [1m[34mSELECT "trips".* FROM "trips"[0m
  Rendered trips/index.html.erb within layouts/application (3.7ms)
Completed 200 OK in 40ms (Views: 35.9ms | ActiveRecord: 0.3ms)


Started GET "/trips/2/edit" for 127.0.0.1 at 2017-06-02 02:33:51 +0100
Processing by TripsController#edit as HTML
  Parameters: {"id"=>"2"}
  [1m[36mTrip Load (0.2ms)[0m  [1m[34mSELECT  "trips".* FROM "trips" WHERE "trips"."id" = ? LIMIT ?[0m  [["id", 2], ["LIMIT", 1]]
  Rendering trips/edit.html.erb within layouts/application
  Rendered trips/edit.html.erb within layouts/application (5.6ms)
Completed 200 OK in 38ms (Views: 33.2ms | ActiveRecord: 0.2ms)


Started PATCH "/trips/2" for 127.0.0.1 at 2017-06-02 02:33:53 +0100
Processing by TripsController#update as HTML
  Parameters: {"utf8"=>"✓", "authenticity_token"=>"+o7MFi3qz0ImobRZLP9Xw6hEpiZNNrzMDHuBPMa2Jf94AZzNNvoWwL1u/38tLXStCs6IRNGbUCE2cjRnSk6d2g==", "trip"=>{"location"=>"London", "time"=>"tomorrow", "travel"=>"tube", "description"=>"Haha"}, "commit"=>"Update Trip", "id"=>"2"}
  [1m[36mTrip Load (0.2ms)[0m  [1m[34mSELECT  "trips".* FROM "trips" WHERE "trips"."id" = ? LIMIT ?[0m  [["id", 2], ["LIMIT", 1]]
  [1m[35m (0.1ms)[0m  [1m[36mbegin transaction[0m
  [1m[35m (0.1ms)[0m  [1m[36mcommit transaction[0m
Redirected to http://localhost:3000/trips/2
Completed 302 Found in 3ms (ActiveRecord: 0.3ms)


Started GET "/trips/2" for 127.0.0.1 at 2017-06-02 02:33:53 +0100
Processing by TripsController#show as HTML
  Parameters: {"id"=>"2"}
  [1m[36mTrip Load (0.1ms)[0m  [1m[34mSELECT  "trips".* FROM "trips" WHERE "trips"."id" = ? LIMIT ?[0m  [["id", 2], ["LIMIT", 1]]
  Rendering trips/show.html.erb within layouts/application
  Rendered trips/show.html.erb within layouts/application (0.6ms)
Completed 200 OK in 19ms (Views: 17.1ms | ActiveRecord: 0.1ms)


Started GET "/trips" for 127.0.0.1 at 2017-06-02 02:33:54 +0100
Processing by TripsController#index as HTML
  Rendering trips/index.html.erb within layouts/application
  [1m[36mTrip Load (0.3ms)[0m  [1m[34mSELECT "trips".* FROM "trips"[0m
  Rendered trips/index.html.erb within layouts/application (3.1ms)
Completed 200 OK in 33ms (Views: 30.7ms | ActiveRecord: 0.3ms)


Started GET "/trips" for 127.0.0.1 at 2017-06-02 02:42:19 +0100
Processing by TripsController#index as HTML
  Rendering trips/index.html.erb within layouts/application
  [1m[36mTrip Load (0.1ms)[0m  [1m[34mSELECT "trips".* FROM "trips"[0m
  Rendered trips/index.html.erb within layouts/application (10.0ms)
Completed 200 OK in 32ms (Views: 28.3ms | ActiveRecord: 1.2ms)


Started DELETE "/trips/1" for 127.0.0.1 at 2017-06-02 02:42:26 +0100
Processing by TripsController#destroy as HTML
  Parameters: {"authenticity_token"=>"UAW6+uCCNaP0E0sueCGy+Rpxc17Z7flmYWNe9CJzLAkKk9hhgXWk1RsiRT3qBwgr5IiIV0OlvWjvXOOb6AXiAw==", "id"=>"1"}
  [1m[36mTrip Load (0.2ms)[0m  [1m[34mSELECT  "trips".* FROM "trips" WHERE "trips"."id" = ? LIMIT ?[0m  [["id", 1], ["LIMIT", 1]]
  [1m[35m (0.1ms)[0m  [1m[36mbegin transaction[0m
  [1m[35mSQL (0.4ms)[0m  [1m[31mDELETE FROM "trips" WHERE "trips"."id" = ?[0m  [["id", 1]]
  [1m[35m (1.4ms)[0m  [1m[36mcommit transaction[0m
Redirected to http://localhost:3000/trips
Completed 302 Found in 8ms (ActiveRecord: 2.1ms)


Started GET "/trips" for 127.0.0.1 at 2017-06-02 02:42:26 +0100
Processing by TripsController#index as HTML
  Rendering trips/index.html.erb within layouts/application
  [1m[36mTrip Load (0.2ms)[0m  [1m[34mSELECT "trips".* FROM "trips"[0m
  Rendered trips/index.html.erb within layouts/application (1.7ms)
Completed 200 OK in 17ms (Views: 15.6ms | ActiveRecord: 0.2ms)


Started GET "/trips/2" for 127.0.0.1 at 2017-06-02 02:42:28 +0100
Processing by TripsController#show as HTML
  Parameters: {"id"=>"2"}
  [1m[36mTrip Load (0.1ms)[0m  [1m[34mSELECT  "trips".* FROM "trips" WHERE "trips"."id" = ? LIMIT ?[0m  [["id", 2], ["LIMIT", 1]]
  Rendering trips/show.html.erb within layouts/application
  Rendered trips/show.html.erb within layouts/application (1.2ms)
Completed 200 OK in 38ms (Views: 33.5ms | ActiveRecord: 0.1ms)


Started GET "/trips" for 127.0.0.1 at 2017-06-02 02:42:32 +0100
Processing by TripsController#index as HTML
  Rendering trips/index.html.erb within layouts/application
  [1m[36mTrip Load (0.3ms)[0m  [1m[34mSELECT "trips".* FROM "trips"[0m
  Rendered trips/index.html.erb within layouts/application (3.1ms)
Completed 200 OK in 36ms (Views: 32.0ms | ActiveRecord: 0.3ms)


Started GET "/trips" for 127.0.0.1 at 2017-06-02 02:42:48 +0100
Processing by TripsController#index as HTML
  Rendering trips/index.html.erb within layouts/application
  [1m[36mTrip Load (0.2ms)[0m  [1m[34mSELECT "trips".* FROM "trips"[0m
  Rendered trips/index.html.erb within layouts/application (1.7ms)
Completed 200 OK in 17ms (Views: 15.4ms | ActiveRecord: 0.2ms)


Started GET "/trips/2" for 127.0.0.1 at 2017-06-02 02:43:06 +0100
Processing by TripsController#show as HTML
  Parameters: {"id"=>"2"}
  [1m[36mTrip Load (0.1ms)[0m  [1m[34mSELECT  "trips".* FROM "trips" WHERE "trips"."id" = ? LIMIT ?[0m  [["id", 2], ["LIMIT", 1]]
  Rendering trips/show.html.erb within layouts/application
  Rendered trips/show.html.erb within layouts/application (1.1ms)
Completed 200 OK in 39ms (Views: 34.4ms | ActiveRecord: 0.1ms)


Started GET "/trips/2/edit" for 127.0.0.1 at 2017-06-02 02:43:07 +0100
Processing by TripsController#edit as HTML
  Parameters: {"id"=>"2"}
  [1m[36mTrip Load (0.6ms)[0m  [1m[34mSELECT  "trips".* FROM "trips" WHERE "trips"."id" = ? LIMIT ?[0m  [["id", 2], ["LIMIT", 1]]
  Rendering trips/edit.html.erb within layouts/application
  Rendered trips/edit.html.erb within layouts/application (1.1ms)
Completed 500 Internal Server Error in 10ms (ActiveRecord: 0.6ms)


  
SyntaxError (/Users/zuyvu/Tripanion/app/views/trips/edit.html.erb:33: syntax error, unexpected ':', expecting ')'
    method: :delete,
           ^):
  
app/views/trips/edit.html.erb:33: syntax error, unexpected ':', expecting ')'
Started GET "/trips/2" for 127.0.0.1 at 2017-06-02 02:43:12 +0100
Processing by TripsController#show as HTML
  Parameters: {"id"=>"2"}
  [1m[36mTrip Load (0.2ms)[0m  [1m[34mSELECT  "trips".* FROM "trips" WHERE "trips"."id" = ? LIMIT ?[0m  [["id", 2], ["LIMIT", 1]]
  Rendering trips/show.html.erb within layouts/application
  Rendered trips/show.html.erb within layouts/application (0.7ms)
Completed 200 OK in 18ms (Views: 15.2ms | ActiveRecord: 0.2ms)


Started GET "/trips" for 127.0.0.1 at 2017-06-02 02:44:09 +0100
Processing by TripsController#index as HTML
  Rendering trips/index.html.erb within layouts/application
  [1m[36mTrip Load (0.3ms)[0m  [1m[34mSELECT "trips".* FROM "trips"[0m
  Rendered trips/index.html.erb within layouts/application (3.9ms)
Completed 200 OK in 39ms (Views: 34.9ms | ActiveRecord: 0.3ms)


Started GET "/trips/2" for 127.0.0.1 at 2017-06-02 02:44:11 +0100
Processing by TripsController#show as HTML
  Parameters: {"id"=>"2"}
  [1m[36mTrip Load (0.2ms)[0m  [1m[34mSELECT  "trips".* FROM "trips" WHERE "trips"."id" = ? LIMIT ?[0m  [["id", 2], ["LIMIT", 1]]
  Rendering trips/show.html.erb within layouts/application
  Rendered trips/show.html.erb within layouts/application (0.9ms)
Completed 200 OK in 44ms (Views: 38.3ms | ActiveRecord: 0.2ms)


Started GET "/trips/2/edit" for 127.0.0.1 at 2017-06-02 02:44:12 +0100
Processing by TripsController#edit as HTML
  Parameters: {"id"=>"2"}
  [1m[36mTrip Load (0.2ms)[0m  [1m[34mSELECT  "trips".* FROM "trips" WHERE "trips"."id" = ? LIMIT ?[0m  [["id", 2], ["LIMIT", 1]]
  Rendering trips/edit.html.erb within layouts/application
  Rendered trips/edit.html.erb within layouts/application (1.0ms)
Completed 500 Internal Server Error in 9ms (ActiveRecord: 0.2ms)


  
SyntaxError (/Users/zuyvu/Tripanion/app/views/trips/edit.html.erb:33: syntax error, unexpected ':', expecting ')'
    method: :delete,
           ^):
  
app/views/trips/edit.html.erb:33: syntax error, unexpected ':', expecting ')'
Started GET "/trips/2/edit" for 127.0.0.1 at 2017-06-02 02:44:26 +0100
Processing by TripsController#edit as HTML
  Parameters: {"id"=>"2"}
  [1m[36mTrip Load (0.1ms)[0m  [1m[34mSELECT  "trips".* FROM "trips" WHERE "trips"."id" = ? LIMIT ?[0m  [["id", 2], ["LIMIT", 1]]
  Rendering trips/edit.html.erb within layouts/application
  Rendered trips/edit.html.erb within layouts/application (197.1ms)
Completed 500 Internal Server Error in 202ms (ActiveRecord: 0.1ms)


  
ActionView::Template::Error (undefined local variable or method `trip' for #<#<Class:0x007fed79343cf8>:0x007fed73d7d620>
Did you mean?  @trip
               trip_url
               trips_url
               trip_path
               trips_path
               trap):
    29: <% end %>
    30: 
    31: <%= link_to 'Back', trip_path %> |
    32: <%= link_to 'Delete', trip_path(trip),
    33:     method: :delete,
    34:     data: { confirm: 'Are you sure?' } %>
  
app/views/trips/edit.html.erb:32:in `_app_views_trips_edit_html_erb__3070337372374125012_70328913752060'
Started GET "/trips/2/edit" for 127.0.0.1 at 2017-06-02 02:44:36 +0100
Processing by TripsController#edit as HTML
  Parameters: {"id"=>"2"}
  [1m[36mTrip Load (0.1ms)[0m  [1m[34mSELECT  "trips".* FROM "trips" WHERE "trips"."id" = ? LIMIT ?[0m  [["id", 2], ["LIMIT", 1]]
  Rendering trips/edit.html.erb within layouts/application
  Rendered trips/edit.html.erb within layouts/application (2.7ms)
Completed 200 OK in 24ms (Views: 22.5ms | ActiveRecord: 0.1ms)


Started DELETE "/trips/2" for 127.0.0.1 at 2017-06-02 02:53:33 +0100
Processing by TripsController#destroy as HTML
  Parameters: {"authenticity_token"=>"fIcS4OCP3bRPCfg7gOcjRzX/elADmGpzobFlrBDeM18mEXB7gXhMwqA49igSwZmVywaBWZnQLn0vjtjD2qj9VQ==", "id"=>"2"}
  [1m[36mTrip Load (0.2ms)[0m  [1m[34mSELECT  "trips".* FROM "trips" WHERE "trips"."id" = ? LIMIT ?[0m  [["id", 2], ["LIMIT", 1]]
  [1m[35m (0.1ms)[0m  [1m[36mbegin transaction[0m
  [1m[35mSQL (0.6ms)[0m  [1m[31mDELETE FROM "trips" WHERE "trips"."id" = ?[0m  [["id", 2]]
  [1m[35m (1.0ms)[0m  [1m[36mcommit transaction[0m
Redirected to http://localhost:3000/trips
Completed 302 Found in 8ms (ActiveRecord: 1.8ms)


Started GET "/trips" for 127.0.0.1 at 2017-06-02 02:53:33 +0100
Processing by TripsController#index as HTML
  Rendering trips/index.html.erb within layouts/application
  [1m[36mTrip Load (0.2ms)[0m  [1m[34mSELECT "trips".* FROM "trips"[0m
  Rendered trips/index.html.erb within layouts/application (1.8ms)
Completed 200 OK in 31ms (Views: 29.1ms | ActiveRecord: 0.2ms)


Started GET "/" for 127.0.0.1 at 2017-06-02 13:17:08 +0100
Processing by WelcomeController#index as HTML
  Rendering welcome/index.html.erb within layouts/application
  Rendered welcome/index.html.erb within layouts/application (8.3ms)
Completed 200 OK in 121ms (Views: 99.8ms | ActiveRecord: 0.0ms)


Started GET "/trips" for 127.0.0.1 at 2017-06-02 13:17:12 +0100
Processing by TripsController#index as HTML
  Rendering trips/index.html.erb within layouts/application
  [1m[36mTrip Load (4.5ms)[0m  [1m[34mSELECT "trips".* FROM "trips"[0m
  Rendered trips/index.html.erb within layouts/application (19.5ms)
Completed 200 OK in 67ms (Views: 58.9ms | ActiveRecord: 4.5ms)


Started GET "/trips/new" for 127.0.0.1 at 2017-06-02 13:17:18 +0100
Processing by TripsController#new as HTML
  Rendering trips/new.html.erb within layouts/application
  Rendered trips/new.html.erb within layouts/application (4.3ms)
Completed 200 OK in 34ms (Views: 31.2ms | ActiveRecord: 0.0ms)


Started POST "/trips" for 127.0.0.1 at 2017-06-02 13:17:29 +0100
Processing by TripsController#create as HTML
  Parameters: {"utf8"=>"✓", "authenticity_token"=>"2Cb7z2M0Gcm3PeDG3KYfbyQr1tZqtHbD7F2eUAEvzeyCsJlUAsOIv1gM7tVOgKW92tIt3/D8Ms1iYiM/y1kD5g==", "trip"=>{"location"=>"London", "time"=>"today", "travel"=>"tube", "description"=>"Haha"}, "commit"=>"Save Trip"}
  [1m[35m (0.3ms)[0m  [1m[36mbegin transaction[0m
  [1m[35mSQL (1.2ms)[0m  [1m[32mINSERT INTO "trips" ("location", "time", "travel", "description", "created_at", "updated_at") VALUES (?, ?, ?, ?, ?, ?)[0m  [["location", "London"], ["time", "today"], ["travel", "tube"], ["description", "Haha"], ["created_at", "2017-06-02 12:17:29.261868"], ["updated_at", "2017-06-02 12:17:29.261868"]]
  [1m[35m (0.8ms)[0m  [1m[36mcommit transaction[0m
Redirected to http://localhost:3000/trips/5
Completed 302 Found in 14ms (ActiveRecord: 2.3ms)


Started GET "/trips/5" for 127.0.0.1 at 2017-06-02 13:17:29 +0100
Processing by TripsController#show as HTML
  Parameters: {"id"=>"5"}
  [1m[36mTrip Load (0.2ms)[0m  [1m[34mSELECT  "trips".* FROM "trips" WHERE "trips"."id" = ? LIMIT ?[0m  [["id", 5], ["LIMIT", 1]]
  Rendering trips/show.html.erb within layouts/application
  Rendered trips/show.html.erb within layouts/application (1.4ms)
Completed 200 OK in 30ms (Views: 26.1ms | ActiveRecord: 0.2ms)


Started GET "/trips" for 127.0.0.1 at 2017-06-02 13:17:33 +0100
Processing by TripsController#index as HTML
  Rendering trips/index.html.erb within layouts/application
  [1m[36mTrip Load (0.3ms)[0m  [1m[34mSELECT "trips".* FROM "trips"[0m
  Rendered trips/index.html.erb within layouts/application (7.9ms)
Completed 200 OK in 54ms (Views: 48.9ms | ActiveRecord: 0.3ms)


Started GET "/trips/5" for 127.0.0.1 at 2017-06-02 13:17:38 +0100
Processing by TripsController#show as HTML
  Parameters: {"id"=>"5"}
  [1m[36mTrip Load (0.2ms)[0m  [1m[34mSELECT  "trips".* FROM "trips" WHERE "trips"."id" = ? LIMIT ?[0m  [["id", 5], ["LIMIT", 1]]
  Rendering trips/show.html.erb within layouts/application
  Rendered trips/show.html.erb within layouts/application (8.6ms)
Completed 200 OK in 63ms (Views: 59.1ms | ActiveRecord: 0.2ms)


Started GET "/trips/5/edit" for 127.0.0.1 at 2017-06-02 13:17:39 +0100
Processing by TripsController#edit as HTML
  Parameters: {"id"=>"5"}
  [1m[36mTrip Load (0.2ms)[0m  [1m[34mSELECT  "trips".* FROM "trips" WHERE "trips"."id" = ? LIMIT ?[0m  [["id", 5], ["LIMIT", 1]]
  Rendering trips/edit.html.erb within layouts/application
  Rendered trips/edit.html.erb within layouts/application (11.2ms)
Completed 200 OK in 63ms (Views: 56.4ms | ActiveRecord: 0.2ms)


Started PATCH "/trips/5" for 127.0.0.1 at 2017-06-02 13:17:40 +0100
Processing by TripsController#update as HTML
  Parameters: {"utf8"=>"✓", "authenticity_token"=>"gAODk0Gr5sdt2hWSgyFWnufiNONahO59V0arZ3MLT568V/aJA2xfxQVaRJ/MiRYW+6nlgT0QZ3wUpanh1Cp9/A==", "trip"=>{"location"=>"London", "time"=>"today", "travel"=>"tube", "description"=>"Haha"}, "commit"=>"Update Trip", "id"=>"5"}
  [1m[36mTrip Load (0.3ms)[0m  [1m[34mSELECT  "trips".* FROM "trips" WHERE "trips"."id" = ? LIMIT ?[0m  [["id", 5], ["LIMIT", 1]]
  [1m[35m (0.1ms)[0m  [1m[36mbegin transaction[0m
  [1m[35m (0.2ms)[0m  [1m[36mcommit transaction[0m
Redirected to http://localhost:3000/trips/5
Completed 302 Found in 6ms (ActiveRecord: 0.5ms)


Started GET "/trips/5" for 127.0.0.1 at 2017-06-02 13:17:40 +0100
Processing by TripsController#show as HTML
  Parameters: {"id"=>"5"}
  [1m[36mTrip Load (0.1ms)[0m  [1m[34mSELECT  "trips".* FROM "trips" WHERE "trips"."id" = ? LIMIT ?[0m  [["id", 5], ["LIMIT", 1]]
  Rendering trips/show.html.erb within layouts/application
  Rendered trips/show.html.erb within layouts/application (1.1ms)
Completed 200 OK in 31ms (Views: 28.4ms | ActiveRecord: 0.1ms)


Started GET "/trips" for 127.0.0.1 at 2017-06-02 13:17:42 +0100
Processing by TripsController#index as HTML
  Rendering trips/index.html.erb within layouts/application
  [1m[36mTrip Load (1.5ms)[0m  [1m[34mSELECT "trips".* FROM "trips"[0m
  Rendered trips/index.html.erb within layouts/application (6.8ms)
Completed 200 OK in 60ms (Views: 54.9ms | ActiveRecord: 1.5ms)


Started DELETE "/trips/5" for 127.0.0.1 at 2017-06-02 13:17:44 +0100
Processing by TripsController#destroy as HTML
  Parameters: {"authenticity_token"=>"qwZp2qGsV1tY1f16cQvij7ysXeTlaib9WG30OaWDIQbxkAtBwFvGLbfk82njLVhdQlWm7X8iYvPWUklWb/XvDA==", "id"=>"5"}
  [1m[36mTrip Load (0.1ms)[0m  [1m[34mSELECT  "trips".* FROM "trips" WHERE "trips"."id" = ? LIMIT ?[0m  [["id", 5], ["LIMIT", 1]]
  [1m[35m (0.1ms)[0m  [1m[36mbegin transaction[0m
  [1m[35mSQL (1.1ms)[0m  [1m[31mDELETE FROM "trips" WHERE "trips"."id" = ?[0m  [["id", 5]]
  [1m[35m (0.9ms)[0m  [1m[36mcommit transaction[0m
Redirected to http://localhost:3000/trips
Completed 302 Found in 6ms (ActiveRecord: 2.2ms)


Started GET "/trips" for 127.0.0.1 at 2017-06-02 13:17:44 +0100
Processing by TripsController#index as HTML
  Rendering trips/index.html.erb within layouts/application
  [1m[36mTrip Load (0.2ms)[0m  [1m[34mSELECT "trips".* FROM "trips"[0m
  Rendered trips/index.html.erb within layouts/application (2.4ms)
Completed 200 OK in 36ms (Views: 32.9ms | ActiveRecord: 0.2ms)


Started GET "/" for 127.0.0.1 at 2017-06-02 13:17:48 +0100
Processing by WelcomeController#index as HTML
  Rendering welcome/index.html.erb within layouts/application
  Rendered welcome/index.html.erb within layouts/application (0.8ms)
Completed 200 OK in 29ms (Views: 25.9ms | ActiveRecord: 0.0ms)


Started GET "/trips" for 127.0.0.1 at 2017-06-02 13:17:51 +0100
Processing by TripsController#index as HTML
  Rendering trips/index.html.erb within layouts/application
  [1m[36mTrip Load (0.2ms)[0m  [1m[34mSELECT "trips".* FROM "trips"[0m
  Rendered trips/index.html.erb within layouts/application (2.6ms)
Completed 200 OK in 52ms (Views: 50.5ms | ActiveRecord: 0.2ms)


Started GET "/trips/3" for 127.0.0.1 at 2017-06-02 13:18:07 +0100
Processing by TripsController#show as HTML
  Parameters: {"id"=>"3"}
  [1m[36mTrip Load (0.1ms)[0m  [1m[34mSELECT  "trips".* FROM "trips" WHERE "trips"."id" = ? LIMIT ?[0m  [["id", 3], ["LIMIT", 1]]
  Rendering trips/show.html.erb within layouts/application
  Rendered trips/show.html.erb within layouts/application (2.0ms)
Completed 200 OK in 47ms (Views: 44.2ms | ActiveRecord: 0.1ms)


Started GET "/trips/new" for 127.0.0.1 at 2017-06-02 13:18:14 +0100
Processing by TripsController#new as HTML
  Rendering trips/new.html.erb within layouts/application
  Rendered trips/new.html.erb within layouts/application (4.0ms)
Completed 200 OK in 33ms (Views: 31.2ms | ActiveRecord: 0.0ms)


Started GET "/trips" for 127.0.0.1 at 2017-06-02 13:24:47 +0100
Processing by TripsController#index as HTML
  Rendering trips/index.html.erb within layouts/application
  [1m[36mTrip Load (0.8ms)[0m  [1m[34mSELECT "trips".* FROM "trips"[0m
  Rendered trips/index.html.erb within layouts/application (5.6ms)
Completed 200 OK in 51ms (Views: 45.3ms | ActiveRecord: 0.8ms)


Started GET "/" for 127.0.0.1 at 2017-06-02 13:27:32 +0100
Processing by WelcomeController#index as HTML
  Rendering welcome/index.html.erb within layouts/application
  Rendered welcome/index.html.erb within layouts/application (0.8ms)
Completed 200 OK in 26ms (Views: 24.8ms | ActiveRecord: 0.0ms)


Started GET "/trips/new" for 127.0.0.1 at 2017-06-02 13:27:35 +0100
Processing by TripsController#new as HTML
  Rendering trips/new.html.erb within layouts/application
  Rendered trips/new.html.erb within layouts/application (2.7ms)
Completed 200 OK in 23ms (Views: 21.1ms | ActiveRecord: 0.0ms)


Started GET "/trips/" for 127.0.0.1 at 2017-06-02 13:27:44 +0100
Processing by TripsController#index as HTML
  Rendering trips/index.html.erb within layouts/application
  [1m[36mTrip Load (0.2ms)[0m  [1m[34mSELECT "trips".* FROM "trips"[0m
  Rendered trips/index.html.erb within layouts/application (2.1ms)
Completed 200 OK in 24ms (Views: 22.1ms | ActiveRecord: 0.2ms)


Started GET "/" for 127.0.0.1 at 2017-06-02 13:28:43 +0100
Processing by WelcomeController#index as HTML
  Rendering welcome/index.html.erb within layouts/application
  Rendered welcome/index.html.erb within layouts/application (0.7ms)
Completed 200 OK in 23ms (Views: 21.5ms | ActiveRecord: 0.0ms)


Started GET "/trips" for 127.0.0.1 at 2017-06-02 13:29:02 +0100
Processing by TripsController#index as HTML
  Rendering trips/index.html.erb within layouts/application
  [1m[36mTrip Load (0.3ms)[0m  [1m[34mSELECT "trips".* FROM "trips"[0m
  Rendered trips/index.html.erb within layouts/application (5.1ms)
Completed 200 OK in 46ms (Views: 40.7ms | ActiveRecord: 0.3ms)


Started GET "/trips/3" for 127.0.0.1 at 2017-06-02 13:30:28 +0100
Processing by TripsController#show as HTML
  Parameters: {"id"=>"3"}
  [1m[36mTrip Load (0.3ms)[0m  [1m[34mSELECT  "trips".* FROM "trips" WHERE "trips"."id" = ? LIMIT ?[0m  [["id", 3], ["LIMIT", 1]]
  Rendering trips/show.html.erb within layouts/application
  Rendered trips/show.html.erb within layouts/application (4.8ms)
Completed 200 OK in 47ms (Views: 40.8ms | ActiveRecord: 0.3ms)


Started GET "/trips/3" for 127.0.0.1 at 2017-06-02 13:31:55 +0100
Processing by TripsController#show as HTML
  Parameters: {"id"=>"3"}
  [1m[36mTrip Load (0.2ms)[0m  [1m[34mSELECT  "trips".* FROM "trips" WHERE "trips"."id" = ? LIMIT ?[0m  [["id", 3], ["LIMIT", 1]]
  Rendering trips/show.html.erb within layouts/application
  Rendered trips/show.html.erb within layouts/application (1.4ms)
Completed 200 OK in 20ms (Views: 17.9ms | ActiveRecord: 0.2ms)


Started GET "/trips/" for 127.0.0.1 at 2017-06-02 13:31:57 +0100
Processing by TripsController#index as HTML
  Rendering trips/index.html.erb within layouts/application
  [1m[36mTrip Load (0.1ms)[0m  [1m[34mSELECT "trips".* FROM "trips"[0m
  Rendered trips/index.html.erb within layouts/application (267.2ms)
Completed 500 Internal Server Error in 271ms (ActiveRecord: 0.1ms)


  
ActionView::Template::Error (undefined local variable or method `new_trip' for #<#<Class:0x007fed79343cf8>:0x007fed765ec908>
Did you mean?  new_trip_url):
    19:   <% end %>
    20: </table>
    21: 
    22: <%= link_to 'Creat New Trip', new_trip %>
  
app/views/trips/index.html.erb:22:in `_app_views_trips_index_html_erb__2031934969163231257_70328934953140'
Started GET "/trips/" for 127.0.0.1 at 2017-06-02 13:32:37 +0100
Processing by TripsController#index as HTML
  Rendering trips/index.html.erb within layouts/application
  [1m[36mTrip Load (0.1ms)[0m  [1m[34mSELECT "trips".* FROM "trips"[0m
  Rendered trips/index.html.erb within layouts/application (1.5ms)
Completed 200 OK in 17ms (Views: 15.8ms | ActiveRecord: 0.1ms)


Started GET "/trips/new" for 127.0.0.1 at 2017-06-02 13:32:39 +0100
Processing by TripsController#new as HTML
  Rendering trips/new.html.erb within layouts/application
  Rendered trips/new.html.erb within layouts/application (3.7ms)
Completed 200 OK in 36ms (Views: 34.0ms | ActiveRecord: 0.0ms)


Started GET "/trips/3" for 127.0.0.1 at 2017-06-02 13:32:43 +0100
Processing by TripsController#show as HTML
  Parameters: {"id"=>"3"}
  [1m[36mTrip Load (0.2ms)[0m  [1m[34mSELECT  "trips".* FROM "trips" WHERE "trips"."id" = ? LIMIT ?[0m  [["id", 3], ["LIMIT", 1]]
  Rendering trips/show.html.erb within layouts/application
  Rendered trips/show.html.erb within layouts/application (1.2ms)
Completed 200 OK in 40ms (Views: 35.3ms | ActiveRecord: 0.2ms)


Started GET "/trips" for 127.0.0.1 at 2017-06-02 13:32:44 +0100
Processing by TripsController#index as HTML
  Rendering trips/index.html.erb within layouts/application
  [1m[36mTrip Load (0.3ms)[0m  [1m[34mSELECT "trips".* FROM "trips"[0m
  Rendered trips/index.html.erb within layouts/application (3.1ms)
Completed 200 OK in 38ms (Views: 33.7ms | ActiveRecord: 0.3ms)


Started GET "/trips/new" for 127.0.0.1 at 2017-06-02 13:32:45 +0100
Processing by TripsController#new as HTML
  Rendering trips/new.html.erb within layouts/application
  Rendered trips/new.html.erb within layouts/application (2.4ms)
Completed 200 OK in 40ms (Views: 36.3ms | ActiveRecord: 0.0ms)


Started GET "/" for 127.0.0.1 at 2017-06-02 13:35:30 +0100
Processing by WelcomeController#index as HTML
  Rendering welcome/index.html.erb within layouts/application
  Rendered welcome/index.html.erb within layouts/application (0.6ms)
Completed 200 OK in 14ms (Views: 12.5ms | ActiveRecord: 0.0ms)


Started GET "/trips" for 127.0.0.1 at 2017-06-02 13:35:38 +0100
Processing by TripsController#index as HTML
  Rendering trips/index.html.erb within layouts/application
  [1m[36mTrip Load (0.2ms)[0m  [1m[34mSELECT "trips".* FROM "trips"[0m
  Rendered trips/index.html.erb within layouts/application (2.3ms)
Completed 200 OK in 35ms (Views: 30.9ms | ActiveRecord: 0.2ms)


Started GET "/trips/new" for 127.0.0.1 at 2017-06-02 13:35:40 +0100
Processing by TripsController#new as HTML
  Rendering trips/new.html.erb within layouts/application
  Rendered trips/new.html.erb within layouts/application (1.8ms)
Completed 200 OK in 36ms (Views: 32.5ms | ActiveRecord: 0.0ms)


Started GET "/trips" for 127.0.0.1 at 2017-06-02 13:35:42 +0100
Processing by TripsController#index as HTML
  Rendering trips/index.html.erb within layouts/application
  [1m[36mTrip Load (0.3ms)[0m  [1m[34mSELECT "trips".* FROM "trips"[0m
  Rendered trips/index.html.erb within layouts/application (2.4ms)
Completed 200 OK in 46ms (Views: 42.0ms | ActiveRecord: 0.3ms)


Started GET "/trips/new" for 127.0.0.1 at 2017-06-02 13:35:44 +0100
Processing by TripsController#new as HTML
  Rendering trips/new.html.erb within layouts/application
  Rendered trips/new.html.erb within layouts/application (1.6ms)
Completed 200 OK in 28ms (Views: 25.7ms | ActiveRecord: 0.0ms)


Started GET "/trips/new" for 127.0.0.1 at 2017-06-02 13:36:12 +0100
Processing by TripsController#new as HTML
  Rendering trips/new.html.erb within layouts/application
  Rendered trips/new.html.erb within layouts/application (1.4ms)
Completed 200 OK in 17ms (Views: 15.1ms | ActiveRecord: 0.0ms)


Started GET "/trips/new" for 127.0.0.1 at 2017-06-02 13:38:20 +0100
Processing by TripsController#new as HTML
  Rendering trips/new.html.erb within layouts/application
  Rendered trips/new.html.erb within layouts/application (1.9ms)
Completed 500 Internal Server Error in 6ms (ActiveRecord: 0.0ms)


  
SyntaxError (/Users/zuyvu/Tripanion/app/views/trips/new.html.erb:30: syntax error, unexpected ')', expecting '}'
    data: { confirm: 'Discard Creating new Trip ?' );
                                                    ^
/Users/zuyvu/Tripanion/app/views/trips/new.html.erb:33: syntax error, unexpected keyword_ensure, expecting ')'
/Users/zuyvu/Tripanion/app/views/trips/new.html.erb:35: syntax error, unexpected keyword_end, expecting ')'):
  
app/views/trips/new.html.erb:30: syntax error, unexpected ')', expecting '}'
app/views/trips/new.html.erb:33: syntax error, unexpected keyword_ensure, expecting ')'
app/views/trips/new.html.erb:35: syntax error, unexpected keyword_end, expecting ')'
Started GET "/trips/new" for 127.0.0.1 at 2017-06-02 13:38:46 +0100
Processing by TripsController#new as HTML
  Rendering trips/new.html.erb within layouts/application
  Rendered trips/new.html.erb within layouts/application (1.4ms)
Completed 200 OK in 18ms (Views: 16.9ms | ActiveRecord: 0.0ms)


Started GET "/trips/new" for 127.0.0.1 at 2017-06-02 13:41:37 +0100
Processing by TripsController#new as HTML
  Rendering trips/new.html.erb within layouts/application
  Rendered trips/new.html.erb within layouts/application (1.5ms)
Completed 200 OK in 18ms (Views: 16.2ms | ActiveRecord: 0.0ms)


Started GET "/trips" for 127.0.0.1 at 2017-06-02 13:42:19 +0100
Processing by TripsController#index as HTML
  Rendering trips/index.html.erb within layouts/application
  [1m[36mTrip Load (0.5ms)[0m  [1m[34mSELECT "trips".* FROM "trips"[0m
  Rendered trips/index.html.erb within layouts/application (3.1ms)
Completed 200 OK in 24ms (Views: 21.0ms | ActiveRecord: 0.5ms)


Started GET "/trips/new" for 127.0.0.1 at 2017-06-02 13:42:21 +0100
Processing by TripsController#new as HTML
  Rendering trips/new.html.erb within layouts/application
  Rendered trips/new.html.erb within layouts/application (3.7ms)
Completed 200 OK in 40ms (Views: 38.2ms | ActiveRecord: 0.0ms)


Started GET "/trips" for 127.0.0.1 at 2017-06-02 13:42:23 +0100
Processing by TripsController#index as HTML
  Rendering trips/index.html.erb within layouts/application
  [1m[36mTrip Load (0.2ms)[0m  [1m[34mSELECT "trips".* FROM "trips"[0m
  Rendered trips/index.html.erb within layouts/application (2.4ms)
Completed 200 OK in 25ms (Views: 23.1ms | ActiveRecord: 0.2ms)


Started GET "/trips/new" for 127.0.0.1 at 2017-06-02 13:42:24 +0100
Processing by TripsController#new as HTML
  Rendering trips/new.html.erb within layouts/application
  Rendered trips/new.html.erb within layouts/application (3.1ms)
Completed 200 OK in 38ms (Views: 33.6ms | ActiveRecord: 0.0ms)


